[2021-04-11 16:18:36] production.ERROR: UnitPay config: searchOrderFilter callback not set {"exception":"[object] (Daaner\\UnitPay\\Exceptions\\InvalidConfiguration(code: 0): UnitPay config: searchOrderFilter callback not set at /var/www/tagahanga.ru/data/www/tagahanga.ru/vendor/daaner/laravel-unitpay/src/Exceptions/InvalidConfiguration.php:18)
[stacktrace]
#0 /var/www/tagahanga.ru/data/www/tagahanga.ru/vendor/daaner/laravel-unitpay/src/UnitPay.php(312): Daaner\\UnitPay\\Exceptions\\InvalidConfiguration::searchOrderFilterInvalid()
#1 /var/www/tagahanga.ru/data/www/tagahanga.ru/vendor/daaner/laravel-unitpay/src/UnitPay.php(382): Daaner\\UnitPay\\UnitPay->callFilterSearchOrder(Object(Illuminate\\Http\\Request))
#2 /var/www/tagahanga.ru/data/www/tagahanga.ru/vendor/laravel/framework/src/Illuminate/Support/Facades/Facade.php(261): Daaner\\UnitPay\\UnitPay->payOrderFromGate(Object(Illuminate\\Http\\Request))
#3 /var/www/tagahanga.ru/data/www/tagahanga.ru/app/Http/Controllers/UnitpayController.php(83): Illuminate\\Support\\Facades\\Facade::__callStatic('payOrderFromGat...', Array)
#4 /var/www/tagahanga.ru/data/www/tagahanga.ru/vendor/laravel/framework/src/Illuminate/Routing/Controller.php(54): App\\Http\\Controllers\\UnitpayController->payOrderFromGate(Object(Illuminate\\Http\\Request))
#5 /var/www/tagahanga.ru/data/www/tagahanga.ru/vendor/laravel/framework/src/Illuminate/Routing/ControllerDispatcher.php(45): Illuminate\\Routing\\Controller->callAction('payOrderFromGat...', Array)
#6 /var/www/tagahanga.ru/data/www/tagahanga.ru/vendor/laravel/framework/src/Illuminate/Routing/Route.php(219): Illuminate\\Routing\\ControllerDispatcher->dispatch(Object(Illuminate\\Routing\\Route), Object(App\\Http\\Controllers\\UnitpayController), 'payOrderFromGat...')
#7 /var/www/tagahanga.ru/data/www/tagahanga.ru/vendor/laravel/framework/src/Illuminate/Routing/Route.php(176): Illuminate\\Routing\\Route->runController()
#8 /var/www/tagahanga.ru/data/www/tagahanga.ru/vendor/laravel/framework/src/Illuminate/Routing/Router.php(686): Illuminate\\Routing\\Route->run()
#9 /var/www/tagahanga.ru/data/www/tagahanga.ru/vendor/laravel/framework/src/Illuminate/Pipeline/Pipeline.php(130): Illuminate\\Routing\\Router->Illuminate\\Routing\\{closure}(Object(Illuminate\\Http\\Request))
#10 /var/www/tagahanga.ru/data/www/tagahanga.ru/app/Http/Middleware/UserLastAuthMiddleware.php(59): Illuminate\\Pipeline\\Pipeline->Illuminate\\Pipeline\\{closure}(Object(Illuminate\\Http\\Request))
#11 /var/www/tagahanga.ru/data/www/tagahanga.ru/vendor/laravel/framework/src/Illuminate/Pipeline/Pipeline.php(171): App\\Http\\Middleware\\UserLastAuthMiddleware->handle(Object(Illuminate\\Http\\Request), Object(Closure))
#12 /var/www/tagahanga.ru/data/www/tagahanga.ru/vendor/uxweb/sweet-alert/src/SweetAlert/ConvertMessagesIntoSweetAlert.php(49): Illuminate\\Pipeline\\Pipeline->Illuminate\\Pipeline\\{closure}(Object(Illuminate\\Http\\Request))
#13 /var/www/tagahanga.ru/data/www/tagahanga.ru/vendor/laravel/framework/src/Illuminate/Pipeline/Pipeline.php(171): UxWeb\\SweetAlert\\ConvertMessagesIntoSweetAlert->handle(Object(Illuminate\\Http\\Request), Object(Closure))
#14 /var/www/tagahanga.ru/data/www/tagahanga.ru/vendor/laravel/framework/src/Illuminate/Routing/Middleware/SubstituteBindings.php(41): Illuminate\\Pipeline\\Pipeline->Illuminate\\Pipeline\\{closure}(Object(Illuminate\\Http\\Request))
#15 /var/www/tagahanga.ru/data/www/tagahanga.ru/vendor/laravel/framework/src/Illuminate/Pipeline/Pipeline.php(171): Illuminate\\Routing\\Middleware\\SubstituteBindings->handle(Object(Illuminate\\Http\\Request), Object(Closure))
#16 /var/www/tagahanga.ru/data/www/tagahanga.ru/vendor/laravel/framework/src/Illuminate/Foundation/Http/Middleware/VerifyCsrfToken.php(77): Illuminate\\Pipeline\\Pipeline->Illuminate\\Pipeline\\{closure}(Object(Illuminate\\Http\\Request))
#17 /var/www/tagahanga.ru/data/www/tagahanga.ru/vendor/laravel/framework/src/Illuminate/Pipeline/Pipeline.php(171): Illuminate\\Foundation\\Http\\Middleware\\VerifyCsrfToken->handle(Object(Illuminate\\Http\\Request), Object(Closure))
#18 /var/www/tagahanga.ru/data/www/tagahanga.ru/vendor/laravel/framework/src/Illuminate/View/Middleware/ShareErrorsFromSession.php(49): Illuminate\\Pipeline\\Pipeline->Illuminate\\Pipeline\\{closure}(Object(Illuminate\\Http\\Request))
#19 /var/www/tagahanga.ru/data/www/tagahanga.ru/vendor/laravel/framework/src/Illuminate/Pipeline/Pipeline.php(171): Illuminate\\View\\Middleware\\ShareErrorsFromSession->handle(Object(Illuminate\\Http\\Request), Object(Closure))
#20 /var/www/tagahanga.ru/data/www/tagahanga.ru/vendor/laravel/framework/src/Illuminate/Session/Middleware/StartSession.php(56): Illuminate\\Pipeline\\Pipeline->Illuminate\\Pipeline\\{closure}(Object(Illuminate\\Http\\Request))
#21 /var/www/tagahanga.ru/data/www/tagahanga.ru/vendor/laravel/framework/src/Illuminate/Pipeline/Pipeline.php(171): Illuminate\\Session\\Middleware\\StartSession->handle(Object(Illuminate\\Http\\Request), Object(Closure))
#22 /var/www/tagahanga.ru/data/www/tagahanga.ru/vendor/laravel/framework/src/Illuminate/Cookie/Middleware/AddQueuedCookiesToResponse.php(37): Illuminate\\Pipeline\\Pipeline->Illuminate\\Pipeline\\{closure}(Object(Illuminate\\Http\\Request))
#23 /var/www/tagahanga.ru/data/www/tagahanga.ru/vendor/laravel/framework/src/Illuminate/Pipeline/Pipeline.php(171): Illuminate\\Cookie\\Middleware\\AddQueuedCookiesToResponse->handle(Object(Illuminate\\Http\\Request), Object(Closure))
#24 /var/www/tagahanga.ru/data/www/tagahanga.ru/vendor/laravel/framework/src/Illuminate/Cookie/Middleware/EncryptCookies.php(67): Illuminate\\Pipeline\\Pipeline->Illuminate\\Pipeline\\{closure}(Object(Illuminate\\Http\\Request))
#25 /var/www/tagahanga.ru/data/www/tagahanga.ru/vendor/laravel/framework/src/Illuminate/Pipeline/Pipeline.php(171): Illuminate\\Cookie\\Middleware\\EncryptCookies->handle(Object(Illuminate\\Http\\Request), Object(Closure))
#26 /var/www/tagahanga.ru/data/www/tagahanga.ru/vendor/laravel/framework/src/Illuminate/Pipeline/Pipeline.php(105): Illuminate\\Pipeline\\Pipeline->Illuminate\\Pipeline\\{closure}(Object(Illuminate\\Http\\Request))
#27 /var/www/tagahanga.ru/data/www/tagahanga.ru/vendor/laravel/framework/src/Illuminate/Routing/Router.php(688): Illuminate\\Pipeline\\Pipeline->then(Object(Closure))
#28 /var/www/tagahanga.ru/data/www/tagahanga.ru/vendor/laravel/framework/src/Illuminate/Routing/Router.php(663): Illuminate\\Routing\\Router->runRouteWithinStack(Object(Illuminate\\Routing\\Route), Object(Illuminate\\Http\\Request))
#29 /var/www/tagahanga.ru/data/www/tagahanga.ru/vendor/laravel/framework/src/Illuminate/Routing/Router.php(629): Illuminate\\Routing\\Router->runRoute(Object(Illuminate\\Http\\Request), Object(Illuminate\\Routing\\Route))
#30 /var/www/tagahanga.ru/data/www/tagahanga.ru/vendor/laravel/framework/src/Illuminate/Routing/Router.php(618): Illuminate\\Routing\\Router->dispatchToRoute(Object(Illuminate\\Http\\Request))
#31 /var/www/tagahanga.ru/data/www/tagahanga.ru/vendor/laravel/framework/src/Illuminate/Foundation/Http/Kernel.php(172): Illuminate\\Routing\\Router->dispatch(Object(Illuminate\\Http\\Request))
#32 /var/www/tagahanga.ru/data/www/tagahanga.ru/vendor/laravel/framework/src/Illuminate/Pipeline/Pipeline.php(130): Illuminate\\Foundation\\Http\\Kernel->Illuminate\\Foundation\\Http\\{closure}(Object(Illuminate\\Http\\Request))
#33 /var/www/tagahanga.ru/data/www/tagahanga.ru/vendor/fideloper/proxy/src/TrustProxies.php(57): Illuminate\\Pipeline\\Pipeline->Illuminate\\Pipeline\\{closure}(Object(Illuminate\\Http\\Request))
#34 /var/www/tagahanga.ru/data/www/tagahanga.ru/vendor/laravel/framework/src/Illuminate/Pipeline/Pipeline.php(171): Fideloper\\Proxy\\TrustProxies->handle(Object(Illuminate\\Http\\Request), Object(Closure))
#35 /var/www/tagahanga.ru/data/www/tagahanga.ru/vendor/laravel/framework/src/Illuminate/Foundation/Http/Middleware/TransformsRequest.php(21): Illuminate\\Pipeline\\Pipeline->Illuminate\\Pipeline\\{closure}(Object(Illuminate\\Http\\Request))
#36 /var/www/tagahanga.ru/data/www/tagahanga.ru/vendor/laravel/framework/src/Illuminate/Pipeline/Pipeline.php(171): Illuminate\\Foundation\\Http\\Middleware\\TransformsRequest->handle(Object(Illuminate\\Http\\Request), Object(Closure))
#37 /var/www/tagahanga.ru/data/www/tagahanga.ru/vendor/laravel/framework/src/Illuminate/Foundation/Http/Middleware/TransformsRequest.php(21): Illuminate\\Pipeline\\Pipeline->Illuminate\\Pipeline\\{closure}(Object(Illuminate\\Http\\Request))
#38 /var/www/tagahanga.ru/data/www/tagahanga.ru/vendor/laravel/framework/src/Illuminate/Pipeline/Pipeline.php(171): Illuminate\\Foundation\\Http\\Middleware\\TransformsRequest->handle(Object(Illuminate\\Http\\Request), Object(Closure))
#39 /var/www/tagahanga.ru/data/www/tagahanga.ru/vendor/laravel/framework/src/Illuminate/Foundation/Http/Middleware/ValidatePostSize.php(27): Illuminate\\Pipeline\\Pipeline->Illuminate\\Pipeline\\{closure}(Object(Illuminate\\Http\\Request))
#40 /var/www/tagahanga.ru/data/www/tagahanga.ru/vendor/laravel/framework/src/Illuminate/Pipeline/Pipeline.php(171): Illuminate\\Foundation\\Http\\Middleware\\ValidatePostSize->handle(Object(Illuminate\\Http\\Request), Object(Closure))
#41 /var/www/tagahanga.ru/data/www/tagahanga.ru/vendor/laravel/framework/src/Illuminate/Foundation/Http/Middleware/CheckForMaintenanceMode.php(63): Illuminate\\Pipeline\\Pipeline->Illuminate\\Pipeline\\{closure}(Object(Illuminate\\Http\\Request))
#42 /var/www/tagahanga.ru/data/www/tagahanga.ru/vendor/laravel/framework/src/Illuminate/Pipeline/Pipeline.php(171): Illuminate\\Foundation\\Http\\Middleware\\CheckForMaintenanceMode->handle(Object(Illuminate\\Http\\Request), Object(Closure))
#43 /var/www/tagahanga.ru/data/www/tagahanga.ru/vendor/laravel/framework/src/Illuminate/Pipeline/Pipeline.php(105): Illuminate\\Pipeline\\Pipeline->Illuminate\\Pipeline\\{closure}(Object(Illuminate\\Http\\Request))
#44 /var/www/tagahanga.ru/data/www/tagahanga.ru/vendor/laravel/framework/src/Illuminate/Foundation/Http/Kernel.php(147): Illuminate\\Pipeline\\Pipeline->then(Object(Closure))
#45 /var/www/tagahanga.ru/data/www/tagahanga.ru/vendor/laravel/framework/src/Illuminate/Foundation/Http/Kernel.php(112): Illuminate\\Foundation\\Http\\Kernel->sendRequestThroughRouter(Object(Illuminate\\Http\\Request))
#46 /var/www/tagahanga.ru/data/www/tagahanga.ru/index.php(53): Illuminate\\Foundation\\Http\\Kernel->handle(Object(Illuminate\\Http\\Request))
#47 {main}
"} 
[2021-04-11 16:18:58] production.ERROR: UnitPay config: searchOrderFilter callback not set {"exception":"[object] (Daaner\\UnitPay\\Exceptions\\InvalidConfiguration(code: 0): UnitPay config: searchOrderFilter callback not set at /var/www/tagahanga.ru/data/www/tagahanga.ru/vendor/daaner/laravel-unitpay/src/Exceptions/InvalidConfiguration.php:18)
[stacktrace]
#0 /var/www/tagahanga.ru/data/www/tagahanga.ru/vendor/daaner/laravel-unitpay/src/UnitPay.php(312): Daaner\\UnitPay\\Exceptions\\InvalidConfiguration::searchOrderFilterInvalid()
#1 /var/www/tagahanga.ru/data/www/tagahanga.ru/vendor/daaner/laravel-unitpay/src/UnitPay.php(382): Daaner\\UnitPay\\UnitPay->callFilterSearchOrder(Object(Illuminate\\Http\\Request))
#2 /var/www/tagahanga.ru/data/www/tagahanga.ru/vendor/laravel/framework/src/Illuminate/Support/Facades/Facade.php(261): Daaner\\UnitPay\\UnitPay->payOrderFromGate(Object(Illuminate\\Http\\Request))
#3 /var/www/tagahanga.ru/data/www/tagahanga.ru/app/Http/Controllers/UnitpayController.php(83): Illuminate\\Support\\Facades\\Facade::__callStatic('payOrderFromGat...', Array)
#4 /var/www/tagahanga.ru/data/www/tagahanga.ru/vendor/laravel/framework/src/Illuminate/Routing/Controller.php(54): App\\Http\\Controllers\\UnitpayController->payOrderFromGate(Object(Illuminate\\Http\\Request))
#5 /var/www/tagahanga.ru/data/www/tagahanga.ru/vendor/laravel/framework/src/Illuminate/Routing/ControllerDispatcher.php(45): Illuminate\\Routing\\Controller->callAction('payOrderFromGat...', Array)
#6 /var/www/tagahanga.ru/data/www/tagahanga.ru/vendor/laravel/framework/src/Illuminate/Routing/Route.php(219): Illuminate\\Routing\\ControllerDispatcher->dispatch(Object(Illuminate\\Routing\\Route), Object(App\\Http\\Controllers\\UnitpayController), 'payOrderFromGat...')
#7 /var/www/tagahanga.ru/data/www/tagahanga.ru/vendor/laravel/framework/src/Illuminate/Routing/Route.php(176): Illuminate\\Routing\\Route->runController()
#8 /var/www/tagahanga.ru/data/www/tagahanga.ru/vendor/laravel/framework/src/Illuminate/Routing/Router.php(686): Illuminate\\Routing\\Route->run()
#9 /var/www/tagahanga.ru/data/www/tagahanga.ru/vendor/laravel/framework/src/Illuminate/Pipeline/Pipeline.php(130): Illuminate\\Routing\\Router->Illuminate\\Routing\\{closure}(Object(Illuminate\\Http\\Request))
#10 /var/www/tagahanga.ru/data/www/tagahanga.ru/app/Http/Middleware/UserLastAuthMiddleware.php(59): Illuminate\\Pipeline\\Pipeline->Illuminate\\Pipeline\\{closure}(Object(Illuminate\\Http\\Request))
#11 /var/www/tagahanga.ru/data/www/tagahanga.ru/vendor/laravel/framework/src/Illuminate/Pipeline/Pipeline.php(171): App\\Http\\Middleware\\UserLastAuthMiddleware->handle(Object(Illuminate\\Http\\Request), Object(Closure))
#12 /var/www/tagahanga.ru/data/www/tagahanga.ru/vendor/uxweb/sweet-alert/src/SweetAlert/ConvertMessagesIntoSweetAlert.php(49): Illuminate\\Pipeline\\Pipeline->Illuminate\\Pipeline\\{closure}(Object(Illuminate\\Http\\Request))
#13 /var/www/tagahanga.ru/data/www/tagahanga.ru/vendor/laravel/framework/src/Illuminate/Pipeline/Pipeline.php(171): UxWeb\\SweetAlert\\ConvertMessagesIntoSweetAlert->handle(Object(Illuminate\\Http\\Request), Object(Closure))
#14 /var/www/tagahanga.ru/data/www/tagahanga.ru/vendor/laravel/framework/src/Illuminate/Routing/Middleware/SubstituteBindings.php(41): Illuminate\\Pipeline\\Pipeline->Illuminate\\Pipeline\\{closure}(Object(Illuminate\\Http\\Request))
#15 /var/www/tagahanga.ru/data/www/tagahanga.ru/vendor/laravel/framework/src/Illuminate/Pipeline/Pipeline.php(171): Illuminate\\Routing\\Middleware\\SubstituteBindings->handle(Object(Illuminate\\Http\\Request), Object(Closure))
#16 /var/www/tagahanga.ru/data/www/tagahanga.ru/vendor/laravel/framework/src/Illuminate/Foundation/Http/Middleware/VerifyCsrfToken.php(77): Illuminate\\Pipeline\\Pipeline->Illuminate\\Pipeline\\{closure}(Object(Illuminate\\Http\\Request))
#17 /var/www/tagahanga.ru/data/www/tagahanga.ru/vendor/laravel/framework/src/Illuminate/Pipeline/Pipeline.php(171): Illuminate\\Foundation\\Http\\Middleware\\VerifyCsrfToken->handle(Object(Illuminate\\Http\\Request), Object(Closure))
#18 /var/www/tagahanga.ru/data/www/tagahanga.ru/vendor/laravel/framework/src/Illuminate/View/Middleware/ShareErrorsFromSession.php(49): Illuminate\\Pipeline\\Pipeline->Illuminate\\Pipeline\\{closure}(Object(Illuminate\\Http\\Request))
#19 /var/www/tagahanga.ru/data/www/tagahanga.ru/vendor/laravel/framework/src/Illuminate/Pipeline/Pipeline.php(171): Illuminate\\View\\Middleware\\ShareErrorsFromSession->handle(Object(Illuminate\\Http\\Request), Object(Closure))
#20 /var/www/tagahanga.ru/data/www/tagahanga.ru/vendor/laravel/framework/src/Illuminate/Session/Middleware/StartSession.php(56): Illuminate\\Pipeline\\Pipeline->Illuminate\\Pipeline\\{closure}(Object(Illuminate\\Http\\Request))
#21 /var/www/tagahanga.ru/data/www/tagahanga.ru/vendor/laravel/framework/src/Illuminate/Pipeline/Pipeline.php(171): Illuminate\\Session\\Middleware\\StartSession->handle(Object(Illuminate\\Http\\Request), Object(Closure))
#22 /var/www/tagahanga.ru/data/www/tagahanga.ru/vendor/laravel/framework/src/Illuminate/Cookie/Middleware/AddQueuedCookiesToResponse.php(37): Illuminate\\Pipeline\\Pipeline->Illuminate\\Pipeline\\{closure}(Object(Illuminate\\Http\\Request))
#23 /var/www/tagahanga.ru/data/www/tagahanga.ru/vendor/laravel/framework/src/Illuminate/Pipeline/Pipeline.php(171): Illuminate\\Cookie\\Middleware\\AddQueuedCookiesToResponse->handle(Object(Illuminate\\Http\\Request), Object(Closure))
#24 /var/www/tagahanga.ru/data/www/tagahanga.ru/vendor/laravel/framework/src/Illuminate/Cookie/Middleware/EncryptCookies.php(67): Illuminate\\Pipeline\\Pipeline->Illuminate\\Pipeline\\{closure}(Object(Illuminate\\Http\\Request))
#25 /var/www/tagahanga.ru/data/www/tagahanga.ru/vendor/laravel/framework/src/Illuminate/Pipeline/Pipeline.php(171): Illuminate\\Cookie\\Middleware\\EncryptCookies->handle(Object(Illuminate\\Http\\Request), Object(Closure))
#26 /var/www/tagahanga.ru/data/www/tagahanga.ru/vendor/laravel/framework/src/Illuminate/Pipeline/Pipeline.php(105): Illuminate\\Pipeline\\Pipeline->Illuminate\\Pipeline\\{closure}(Object(Illuminate\\Http\\Request))
#27 /var/www/tagahanga.ru/data/www/tagahanga.ru/vendor/laravel/framework/src/Illuminate/Routing/Router.php(688): Illuminate\\Pipeline\\Pipeline->then(Object(Closure))
#28 /var/www/tagahanga.ru/data/www/tagahanga.ru/vendor/laravel/framework/src/Illuminate/Routing/Router.php(663): Illuminate\\Routing\\Router->runRouteWithinStack(Object(Illuminate\\Routing\\Route), Object(Illuminate\\Http\\Request))
#29 /var/www/tagahanga.ru/data/www/tagahanga.ru/vendor/laravel/framework/src/Illuminate/Routing/Router.php(629): Illuminate\\Routing\\Router->runRoute(Object(Illuminate\\Http\\Request), Object(Illuminate\\Routing\\Route))
#30 /var/www/tagahanga.ru/data/www/tagahanga.ru/vendor/laravel/framework/src/Illuminate/Routing/Router.php(618): Illuminate\\Routing\\Router->dispatchToRoute(Object(Illuminate\\Http\\Request))
#31 /var/www/tagahanga.ru/data/www/tagahanga.ru/vendor/laravel/framework/src/Illuminate/Foundation/Http/Kernel.php(172): Illuminate\\Routing\\Router->dispatch(Object(Illuminate\\Http\\Request))
#32 /var/www/tagahanga.ru/data/www/tagahanga.ru/vendor/laravel/framework/src/Illuminate/Pipeline/Pipeline.php(130): Illuminate\\Foundation\\Http\\Kernel->Illuminate\\Foundation\\Http\\{closure}(Object(Illuminate\\Http\\Request))
#33 /var/www/tagahanga.ru/data/www/tagahanga.ru/vendor/fideloper/proxy/src/TrustProxies.php(57): Illuminate\\Pipeline\\Pipeline->Illuminate\\Pipeline\\{closure}(Object(Illuminate\\Http\\Request))
#34 /var/www/tagahanga.ru/data/www/tagahanga.ru/vendor/laravel/framework/src/Illuminate/Pipeline/Pipeline.php(171): Fideloper\\Proxy\\TrustProxies->handle(Object(Illuminate\\Http\\Request), Object(Closure))
#35 /var/www/tagahanga.ru/data/www/tagahanga.ru/vendor/laravel/framework/src/Illuminate/Foundation/Http/Middleware/TransformsRequest.php(21): Illuminate\\Pipeline\\Pipeline->Illuminate\\Pipeline\\{closure}(Object(Illuminate\\Http\\Request))
#36 /var/www/tagahanga.ru/data/www/tagahanga.ru/vendor/laravel/framework/src/Illuminate/Pipeline/Pipeline.php(171): Illuminate\\Foundation\\Http\\Middleware\\TransformsRequest->handle(Object(Illuminate\\Http\\Request), Object(Closure))
#37 /var/www/tagahanga.ru/data/www/tagahanga.ru/vendor/laravel/framework/src/Illuminate/Foundation/Http/Middleware/TransformsRequest.php(21): Illuminate\\Pipeline\\Pipeline->Illuminate\\Pipeline\\{closure}(Object(Illuminate\\Http\\Request))
#38 /var/www/tagahanga.ru/data/www/tagahanga.ru/vendor/laravel/framework/src/Illuminate/Pipeline/Pipeline.php(171): Illuminate\\Foundation\\Http\\Middleware\\TransformsRequest->handle(Object(Illuminate\\Http\\Request), Object(Closure))
#39 /var/www/tagahanga.ru/data/www/tagahanga.ru/vendor/laravel/framework/src/Illuminate/Foundation/Http/Middleware/ValidatePostSize.php(27): Illuminate\\Pipeline\\Pipeline->Illuminate\\Pipeline\\{closure}(Object(Illuminate\\Http\\Request))
#40 /var/www/tagahanga.ru/data/www/tagahanga.ru/vendor/laravel/framework/src/Illuminate/Pipeline/Pipeline.php(171): Illuminate\\Foundation\\Http\\Middleware\\ValidatePostSize->handle(Object(Illuminate\\Http\\Request), Object(Closure))
#41 /var/www/tagahanga.ru/data/www/tagahanga.ru/vendor/laravel/framework/src/Illuminate/Foundation/Http/Middleware/CheckForMaintenanceMode.php(63): Illuminate\\Pipeline\\Pipeline->Illuminate\\Pipeline\\{closure}(Object(Illuminate\\Http\\Request))
#42 /var/www/tagahanga.ru/data/www/tagahanga.ru/vendor/laravel/framework/src/Illuminate/Pipeline/Pipeline.php(171): Illuminate\\Foundation\\Http\\Middleware\\CheckForMaintenanceMode->handle(Object(Illuminate\\Http\\Request), Object(Closure))
#43 /var/www/tagahanga.ru/data/www/tagahanga.ru/vendor/laravel/framework/src/Illuminate/Pipeline/Pipeline.php(105): Illuminate\\Pipeline\\Pipeline->Illuminate\\Pipeline\\{closure}(Object(Illuminate\\Http\\Request))
#44 /var/www/tagahanga.ru/data/www/tagahanga.ru/vendor/laravel/framework/src/Illuminate/Foundation/Http/Kernel.php(147): Illuminate\\Pipeline\\Pipeline->then(Object(Closure))
#45 /var/www/tagahanga.ru/data/www/tagahanga.ru/vendor/laravel/framework/src/Illuminate/Foundation/Http/Kernel.php(112): Illuminate\\Foundation\\Http\\Kernel->sendRequestThroughRouter(Object(Illuminate\\Http\\Request))
#46 /var/www/tagahanga.ru/data/www/tagahanga.ru/index.php(53): Illuminate\\Foundation\\Http\\Kernel->handle(Object(Illuminate\\Http\\Request))
#47 {main}
"} 
[2021-04-11 16:19:25] production.ERROR: UnitPay config: searchOrderFilter callback not set {"exception":"[object] (Daaner\\UnitPay\\Exceptions\\InvalidConfiguration(code: 0): UnitPay config: searchOrderFilter callback not set at /var/www/tagahanga.ru/data/www/tagahanga.ru/vendor/daaner/laravel-unitpay/src/Exceptions/InvalidConfiguration.php:18)
[stacktrace]
#0 /var/www/tagahanga.ru/data/www/tagahanga.ru/vendor/daaner/laravel-unitpay/src/UnitPay.php(312): Daaner\\UnitPay\\Exceptions\\InvalidConfiguration::searchOrderFilterInvalid()
#1 /var/www/tagahanga.ru/data/www/tagahanga.ru/vendor/daaner/laravel-unitpay/src/UnitPay.php(382): Daaner\\UnitPay\\UnitPay->callFilterSearchOrder(Object(Illuminate\\Http\\Request))
#2 /var/www/tagahanga.ru/data/www/tagahanga.ru/vendor/laravel/framework/src/Illuminate/Support/Facades/Facade.php(261): Daaner\\UnitPay\\UnitPay->payOrderFromGate(Object(Illuminate\\Http\\Request))
#3 /var/www/tagahanga.ru/data/www/tagahanga.ru/app/Http/Controllers/UnitpayController.php(83): Illuminate\\Support\\Facades\\Facade::__callStatic('payOrderFromGat...', Array)
#4 /var/www/tagahanga.ru/data/www/tagahanga.ru/vendor/laravel/framework/src/Illuminate/Routing/Controller.php(54): App\\Http\\Controllers\\UnitpayController->payOrderFromGate(Object(Illuminate\\Http\\Request))
#5 /var/www/tagahanga.ru/data/www/tagahanga.ru/vendor/laravel/framework/src/Illuminate/Routing/ControllerDispatcher.php(45): Illuminate\\Routing\\Controller->callAction('payOrderFromGat...', Array)
#6 /var/www/tagahanga.ru/data/www/tagahanga.ru/vendor/laravel/framework/src/Illuminate/Routing/Route.php(219): Illuminate\\Routing\\ControllerDispatcher->dispatch(Object(Illuminate\\Routing\\Route), Object(App\\Http\\Controllers\\UnitpayController), 'payOrderFromGat...')
#7 /var/www/tagahanga.ru/data/www/tagahanga.ru/vendor/laravel/framework/src/Illuminate/Routing/Route.php(176): Illuminate\\Routing\\Route->runController()
#8 /var/www/tagahanga.ru/data/www/tagahanga.ru/vendor/laravel/framework/src/Illuminate/Routing/Router.php(686): Illuminate\\Routing\\Route->run()
#9 /var/www/tagahanga.ru/data/www/tagahanga.ru/vendor/laravel/framework/src/Illuminate/Pipeline/Pipeline.php(130): Illuminate\\Routing\\Router->Illuminate\\Routing\\{closure}(Object(Illuminate\\Http\\Request))
#10 /var/www/tagahanga.ru/data/www/tagahanga.ru/app/Http/Middleware/UserLastAuthMiddleware.php(59): Illuminate\\Pipeline\\Pipeline->Illuminate\\Pipeline\\{closure}(Object(Illuminate\\Http\\Request))
#11 /var/www/tagahanga.ru/data/www/tagahanga.ru/vendor/laravel/framework/src/Illuminate/Pipeline/Pipeline.php(171): App\\Http\\Middleware\\UserLastAuthMiddleware->handle(Object(Illuminate\\Http\\Request), Object(Closure))
#12 /var/www/tagahanga.ru/data/www/tagahanga.ru/vendor/uxweb/sweet-alert/src/SweetAlert/ConvertMessagesIntoSweetAlert.php(49): Illuminate\\Pipeline\\Pipeline->Illuminate\\Pipeline\\{closure}(Object(Illuminate\\Http\\Request))
#13 /var/www/tagahanga.ru/data/www/tagahanga.ru/vendor/laravel/framework/src/Illuminate/Pipeline/Pipeline.php(171): UxWeb\\SweetAlert\\ConvertMessagesIntoSweetAlert->handle(Object(Illuminate\\Http\\Request), Object(Closure))
#14 /var/www/tagahanga.ru/data/www/tagahanga.ru/vendor/laravel/framework/src/Illuminate/Routing/Middleware/SubstituteBindings.php(41): Illuminate\\Pipeline\\Pipeline->Illuminate\\Pipeline\\{closure}(Object(Illuminate\\Http\\Request))
#15 /var/www/tagahanga.ru/data/www/tagahanga.ru/vendor/laravel/framework/src/Illuminate/Pipeline/Pipeline.php(171): Illuminate\\Routing\\Middleware\\SubstituteBindings->handle(Object(Illuminate\\Http\\Request), Object(Closure))
#16 /var/www/tagahanga.ru/data/www/tagahanga.ru/vendor/laravel/framework/src/Illuminate/Foundation/Http/Middleware/VerifyCsrfToken.php(77): Illuminate\\Pipeline\\Pipeline->Illuminate\\Pipeline\\{closure}(Object(Illuminate\\Http\\Request))
#17 /var/www/tagahanga.ru/data/www/tagahanga.ru/vendor/laravel/framework/src/Illuminate/Pipeline/Pipeline.php(171): Illuminate\\Foundation\\Http\\Middleware\\VerifyCsrfToken->handle(Object(Illuminate\\Http\\Request), Object(Closure))
#18 /var/www/tagahanga.ru/data/www/tagahanga.ru/vendor/laravel/framework/src/Illuminate/View/Middleware/ShareErrorsFromSession.php(49): Illuminate\\Pipeline\\Pipeline->Illuminate\\Pipeline\\{closure}(Object(Illuminate\\Http\\Request))
#19 /var/www/tagahanga.ru/data/www/tagahanga.ru/vendor/laravel/framework/src/Illuminate/Pipeline/Pipeline.php(171): Illuminate\\View\\Middleware\\ShareErrorsFromSession->handle(Object(Illuminate\\Http\\Request), Object(Closure))
#20 /var/www/tagahanga.ru/data/www/tagahanga.ru/vendor/laravel/framework/src/Illuminate/Session/Middleware/StartSession.php(56): Illuminate\\Pipeline\\Pipeline->Illuminate\\Pipeline\\{closure}(Object(Illuminate\\Http\\Request))
#21 /var/www/tagahanga.ru/data/www/tagahanga.ru/vendor/laravel/framework/src/Illuminate/Pipeline/Pipeline.php(171): Illuminate\\Session\\Middleware\\StartSession->handle(Object(Illuminate\\Http\\Request), Object(Closure))
#22 /var/www/tagahanga.ru/data/www/tagahanga.ru/vendor/laravel/framework/src/Illuminate/Cookie/Middleware/AddQueuedCookiesToResponse.php(37): Illuminate\\Pipeline\\Pipeline->Illuminate\\Pipeline\\{closure}(Object(Illuminate\\Http\\Request))
#23 /var/www/tagahanga.ru/data/www/tagahanga.ru/vendor/laravel/framework/src/Illuminate/Pipeline/Pipeline.php(171): Illuminate\\Cookie\\Middleware\\AddQueuedCookiesToResponse->handle(Object(Illuminate\\Http\\Request), Object(Closure))
#24 /var/www/tagahanga.ru/data/www/tagahanga.ru/vendor/laravel/framework/src/Illuminate/Cookie/Middleware/EncryptCookies.php(67): Illuminate\\Pipeline\\Pipeline->Illuminate\\Pipeline\\{closure}(Object(Illuminate\\Http\\Request))
#25 /var/www/tagahanga.ru/data/www/tagahanga.ru/vendor/laravel/framework/src/Illuminate/Pipeline/Pipeline.php(171): Illuminate\\Cookie\\Middleware\\EncryptCookies->handle(Object(Illuminate\\Http\\Request), Object(Closure))
#26 /var/www/tagahanga.ru/data/www/tagahanga.ru/vendor/laravel/framework/src/Illuminate/Pipeline/Pipeline.php(105): Illuminate\\Pipeline\\Pipeline->Illuminate\\Pipeline\\{closure}(Object(Illuminate\\Http\\Request))
#27 /var/www/tagahanga.ru/data/www/tagahanga.ru/vendor/laravel/framework/src/Illuminate/Routing/Router.php(688): Illuminate\\Pipeline\\Pipeline->then(Object(Closure))
#28 /var/www/tagahanga.ru/data/www/tagahanga.ru/vendor/laravel/framework/src/Illuminate/Routing/Router.php(663): Illuminate\\Routing\\Router->runRouteWithinStack(Object(Illuminate\\Routing\\Route), Object(Illuminate\\Http\\Request))
#29 /var/www/tagahanga.ru/data/www/tagahanga.ru/vendor/laravel/framework/src/Illuminate/Routing/Router.php(629): Illuminate\\Routing\\Router->runRoute(Object(Illuminate\\Http\\Request), Object(Illuminate\\Routing\\Route))
#30 /var/www/tagahanga.ru/data/www/tagahanga.ru/vendor/laravel/framework/src/Illuminate/Routing/Router.php(618): Illuminate\\Routing\\Router->dispatchToRoute(Object(Illuminate\\Http\\Request))
#31 /var/www/tagahanga.ru/data/www/tagahanga.ru/vendor/laravel/framework/src/Illuminate/Foundation/Http/Kernel.php(172): Illuminate\\Routing\\Router->dispatch(Object(Illuminate\\Http\\Request))
#32 /var/www/tagahanga.ru/data/www/tagahanga.ru/vendor/laravel/framework/src/Illuminate/Pipeline/Pipeline.php(130): Illuminate\\Foundation\\Http\\Kernel->Illuminate\\Foundation\\Http\\{closure}(Object(Illuminate\\Http\\Request))
#33 /var/www/tagahanga.ru/data/www/tagahanga.ru/vendor/fideloper/proxy/src/TrustProxies.php(57): Illuminate\\Pipeline\\Pipeline->Illuminate\\Pipeline\\{closure}(Object(Illuminate\\Http\\Request))
#34 /var/www/tagahanga.ru/data/www/tagahanga.ru/vendor/laravel/framework/src/Illuminate/Pipeline/Pipeline.php(171): Fideloper\\Proxy\\TrustProxies->handle(Object(Illuminate\\Http\\Request), Object(Closure))
#35 /var/www/tagahanga.ru/data/www/tagahanga.ru/vendor/laravel/framework/src/Illuminate/Foundation/Http/Middleware/TransformsRequest.php(21): Illuminate\\Pipeline\\Pipeline->Illuminate\\Pipeline\\{closure}(Object(Illuminate\\Http\\Request))
#36 /var/www/tagahanga.ru/data/www/tagahanga.ru/vendor/laravel/framework/src/Illuminate/Pipeline/Pipeline.php(171): Illuminate\\Foundation\\Http\\Middleware\\TransformsRequest->handle(Object(Illuminate\\Http\\Request), Object(Closure))
#37 /var/www/tagahanga.ru/data/www/tagahanga.ru/vendor/laravel/framework/src/Illuminate/Foundation/Http/Middleware/TransformsRequest.php(21): Illuminate\\Pipeline\\Pipeline->Illuminate\\Pipeline\\{closure}(Object(Illuminate\\Http\\Request))
#38 /var/www/tagahanga.ru/data/www/tagahanga.ru/vendor/laravel/framework/src/Illuminate/Pipeline/Pipeline.php(171): Illuminate\\Foundation\\Http\\Middleware\\TransformsRequest->handle(Object(Illuminate\\Http\\Request), Object(Closure))
#39 /var/www/tagahanga.ru/data/www/tagahanga.ru/vendor/laravel/framework/src/Illuminate/Foundation/Http/Middleware/ValidatePostSize.php(27): Illuminate\\Pipeline\\Pipeline->Illuminate\\Pipeline\\{closure}(Object(Illuminate\\Http\\Request))
#40 /var/www/tagahanga.ru/data/www/tagahanga.ru/vendor/laravel/framework/src/Illuminate/Pipeline/Pipeline.php(171): Illuminate\\Foundation\\Http\\Middleware\\ValidatePostSize->handle(Object(Illuminate\\Http\\Request), Object(Closure))
#41 /var/www/tagahanga.ru/data/www/tagahanga.ru/vendor/laravel/framework/src/Illuminate/Foundation/Http/Middleware/CheckForMaintenanceMode.php(63): Illuminate\\Pipeline\\Pipeline->Illuminate\\Pipeline\\{closure}(Object(Illuminate\\Http\\Request))
#42 /var/www/tagahanga.ru/data/www/tagahanga.ru/vendor/laravel/framework/src/Illuminate/Pipeline/Pipeline.php(171): Illuminate\\Foundation\\Http\\Middleware\\CheckForMaintenanceMode->handle(Object(Illuminate\\Http\\Request), Object(Closure))
#43 /var/www/tagahanga.ru/data/www/tagahanga.ru/vendor/laravel/framework/src/Illuminate/Pipeline/Pipeline.php(105): Illuminate\\Pipeline\\Pipeline->Illuminate\\Pipeline\\{closure}(Object(Illuminate\\Http\\Request))
#44 /var/www/tagahanga.ru/data/www/tagahanga.ru/vendor/laravel/framework/src/Illuminate/Foundation/Http/Kernel.php(147): Illuminate\\Pipeline\\Pipeline->then(Object(Closure))
#45 /var/www/tagahanga.ru/data/www/tagahanga.ru/vendor/laravel/framework/src/Illuminate/Foundation/Http/Kernel.php(112): Illuminate\\Foundation\\Http\\Kernel->sendRequestThroughRouter(Object(Illuminate\\Http\\Request))
#46 /var/www/tagahanga.ru/data/www/tagahanga.ru/index.php(53): Illuminate\\Foundation\\Http\\Kernel->handle(Object(Illuminate\\Http\\Request))
#47 {main}
"} 
[2021-04-11 17:04:28] production.ERROR: UnitPay config: generatePaymentForm required order params not set ( field: `PAYMENT_AMOUNT`) {"userId":22,"exception":"[object] (Daaner\\UnitPay\\Exceptions\\InvalidConfiguration(code: 0): UnitPay config: generatePaymentForm required order params not set ( field: `PAYMENT_AMOUNT`) at /var/www/tagahanga.ru/data/www/tagahanga.ru/vendor/daaner/laravel-unitpay/src/Exceptions/InvalidConfiguration.php:28)
[stacktrace]
#0 /var/www/tagahanga.ru/data/www/tagahanga.ru/vendor/daaner/laravel-unitpay/src/UnitPay.php(148): Daaner\\UnitPay\\Exceptions\\InvalidConfiguration::generatePaymentFormOrderParamsNotSet('PAYMENT_AMOUNT')
#1 /var/www/tagahanga.ru/data/www/tagahanga.ru/vendor/daaner/laravel-unitpay/src/UnitPay.php(126): Daaner\\UnitPay\\UnitPay->requiredOrderParamsCheck(Array)
#2 /var/www/tagahanga.ru/data/www/tagahanga.ru/vendor/daaner/laravel-unitpay/src/UnitPay.php(173): Daaner\\UnitPay\\UnitPay->generateUnitPayOrderWithRequiredFields(NULL, 'test29', 'email@paypal.co...', 'test29', 'RUB')
#3 /var/www/tagahanga.ru/data/www/tagahanga.ru/vendor/laravel/framework/src/Illuminate/Support/Facades/Facade.php(261): Daaner\\UnitPay\\UnitPay->generatePaymentForm(NULL, 'test29', 'email@paypal.co...', 'test29', 'RUB')
#4 /var/www/tagahanga.ru/data/www/tagahanga.ru/app/Http/Controllers/SubscriptionController.php(119): Illuminate\\Support\\Facades\\Facade::__callStatic('generatePayment...', Array)
#5 /var/www/tagahanga.ru/data/www/tagahanga.ru/vendor/laravel/framework/src/Illuminate/Routing/Controller.php(54): App\\Http\\Controllers\\SubscriptionController->unitpay(Object(App\\User))
#6 /var/www/tagahanga.ru/data/www/tagahanga.ru/vendor/laravel/framework/src/Illuminate/Routing/ControllerDispatcher.php(45): Illuminate\\Routing\\Controller->callAction('unitpay', Array)
#7 /var/www/tagahanga.ru/data/www/tagahanga.ru/vendor/laravel/framework/src/Illuminate/Routing/Route.php(219): Illuminate\\Routing\\ControllerDispatcher->dispatch(Object(Illuminate\\Routing\\Route), Object(App\\Http\\Controllers\\SubscriptionController), 'unitpay')
#8 /var/www/tagahanga.ru/data/www/tagahanga.ru/vendor/laravel/framework/src/Illuminate/Routing/Route.php(176): Illuminate\\Routing\\Route->runController()
#9 /var/www/tagahanga.ru/data/www/tagahanga.ru/vendor/laravel/framework/src/Illuminate/Routing/Router.php(686): Illuminate\\Routing\\Route->run()
#10 /var/www/tagahanga.ru/data/www/tagahanga.ru/vendor/laravel/framework/src/Illuminate/Pipeline/Pipeline.php(130): Illuminate\\Routing\\Router->Illuminate\\Routing\\{closure}(Object(Illuminate\\Http\\Request))
#11 /var/www/tagahanga.ru/data/www/tagahanga.ru/app/Http/Middleware/UserLastAuthMiddleware.php(59): Illuminate\\Pipeline\\Pipeline->Illuminate\\Pipeline\\{closure}(Object(Illuminate\\Http\\Request))
#12 /var/www/tagahanga.ru/data/www/tagahanga.ru/vendor/laravel/framework/src/Illuminate/Pipeline/Pipeline.php(171): App\\Http\\Middleware\\UserLastAuthMiddleware->handle(Object(Illuminate\\Http\\Request), Object(Closure))
#13 /var/www/tagahanga.ru/data/www/tagahanga.ru/vendor/uxweb/sweet-alert/src/SweetAlert/ConvertMessagesIntoSweetAlert.php(49): Illuminate\\Pipeline\\Pipeline->Illuminate\\Pipeline\\{closure}(Object(Illuminate\\Http\\Request))
#14 /var/www/tagahanga.ru/data/www/tagahanga.ru/vendor/laravel/framework/src/Illuminate/Pipeline/Pipeline.php(171): UxWeb\\SweetAlert\\ConvertMessagesIntoSweetAlert->handle(Object(Illuminate\\Http\\Request), Object(Closure))
#15 /var/www/tagahanga.ru/data/www/tagahanga.ru/vendor/laravel/framework/src/Illuminate/Routing/Middleware/SubstituteBindings.php(41): Illuminate\\Pipeline\\Pipeline->Illuminate\\Pipeline\\{closure}(Object(Illuminate\\Http\\Request))
#16 /var/www/tagahanga.ru/data/www/tagahanga.ru/vendor/laravel/framework/src/Illuminate/Pipeline/Pipeline.php(171): Illuminate\\Routing\\Middleware\\SubstituteBindings->handle(Object(Illuminate\\Http\\Request), Object(Closure))
#17 /var/www/tagahanga.ru/data/www/tagahanga.ru/vendor/laravel/framework/src/Illuminate/Auth/Middleware/Authenticate.php(43): Illuminate\\Pipeline\\Pipeline->Illuminate\\Pipeline\\{closure}(Object(Illuminate\\Http\\Request))
#18 /var/www/tagahanga.ru/data/www/tagahanga.ru/vendor/laravel/framework/src/Illuminate/Pipeline/Pipeline.php(171): Illuminate\\Auth\\Middleware\\Authenticate->handle(Object(Illuminate\\Http\\Request), Object(Closure))
#19 /var/www/tagahanga.ru/data/www/tagahanga.ru/vendor/laravel/framework/src/Illuminate/Foundation/Http/Middleware/VerifyCsrfToken.php(77): Illuminate\\Pipeline\\Pipeline->Illuminate\\Pipeline\\{closure}(Object(Illuminate\\Http\\Request))
#20 /var/www/tagahanga.ru/data/www/tagahanga.ru/vendor/laravel/framework/src/Illuminate/Pipeline/Pipeline.php(171): Illuminate\\Foundation\\Http\\Middleware\\VerifyCsrfToken->handle(Object(Illuminate\\Http\\Request), Object(Closure))
#21 /var/www/tagahanga.ru/data/www/tagahanga.ru/vendor/laravel/framework/src/Illuminate/View/Middleware/ShareErrorsFromSession.php(49): Illuminate\\Pipeline\\Pipeline->Illuminate\\Pipeline\\{closure}(Object(Illuminate\\Http\\Request))
#22 /var/www/tagahanga.ru/data/www/tagahanga.ru/vendor/laravel/framework/src/Illuminate/Pipeline/Pipeline.php(171): Illuminate\\View\\Middleware\\ShareErrorsFromSession->handle(Object(Illuminate\\Http\\Request), Object(Closure))
#23 /var/www/tagahanga.ru/data/www/tagahanga.ru/vendor/laravel/framework/src/Illuminate/Session/Middleware/StartSession.php(56): Illuminate\\Pipeline\\Pipeline->Illuminate\\Pipeline\\{closure}(Object(Illuminate\\Http\\Request))
#24 /var/www/tagahanga.ru/data/www/tagahanga.ru/vendor/laravel/framework/src/Illuminate/Pipeline/Pipeline.php(171): Illuminate\\Session\\Middleware\\StartSession->handle(Object(Illuminate\\Http\\Request), Object(Closure))
#25 /var/www/tagahanga.ru/data/www/tagahanga.ru/vendor/laravel/framework/src/Illuminate/Cookie/Middleware/AddQueuedCookiesToResponse.php(37): Illuminate\\Pipeline\\Pipeline->Illuminate\\Pipeline\\{closure}(Object(Illuminate\\Http\\Request))
#26 /var/www/tagahanga.ru/data/www/tagahanga.ru/vendor/laravel/framework/src/Illuminate/Pipeline/Pipeline.php(171): Illuminate\\Cookie\\Middleware\\AddQueuedCookiesToResponse->handle(Object(Illuminate\\Http\\Request), Object(Closure))
#27 /var/www/tagahanga.ru/data/www/tagahanga.ru/vendor/laravel/framework/src/Illuminate/Cookie/Middleware/EncryptCookies.php(67): Illuminate\\Pipeline\\Pipeline->Illuminate\\Pipeline\\{closure}(Object(Illuminate\\Http\\Request))
#28 /var/www/tagahanga.ru/data/www/tagahanga.ru/vendor/laravel/framework/src/Illuminate/Pipeline/Pipeline.php(171): Illuminate\\Cookie\\Middleware\\EncryptCookies->handle(Object(Illuminate\\Http\\Request), Object(Closure))
#29 /var/www/tagahanga.ru/data/www/tagahanga.ru/vendor/laravel/framework/src/Illuminate/Pipeline/Pipeline.php(105): Illuminate\\Pipeline\\Pipeline->Illuminate\\Pipeline\\{closure}(Object(Illuminate\\Http\\Request))
#30 /var/www/tagahanga.ru/data/www/tagahanga.ru/vendor/laravel/framework/src/Illuminate/Routing/Router.php(688): Illuminate\\Pipeline\\Pipeline->then(Object(Closure))
#31 /var/www/tagahanga.ru/data/www/tagahanga.ru/vendor/laravel/framework/src/Illuminate/Routing/Router.php(663): Illuminate\\Routing\\Router->runRouteWithinStack(Object(Illuminate\\Routing\\Route), Object(Illuminate\\Http\\Request))
#32 /var/www/tagahanga.ru/data/www/tagahanga.ru/vendor/laravel/framework/src/Illuminate/Routing/Router.php(629): Illuminate\\Routing\\Router->runRoute(Object(Illuminate\\Http\\Request), Object(Illuminate\\Routing\\Route))
#33 /var/www/tagahanga.ru/data/www/tagahanga.ru/vendor/laravel/framework/src/Illuminate/Routing/Router.php(618): Illuminate\\Routing\\Router->dispatchToRoute(Object(Illuminate\\Http\\Request))
#34 /var/www/tagahanga.ru/data/www/tagahanga.ru/vendor/laravel/framework/src/Illuminate/Foundation/Http/Kernel.php(172): Illuminate\\Routing\\Router->dispatch(Object(Illuminate\\Http\\Request))
#35 /var/www/tagahanga.ru/data/www/tagahanga.ru/vendor/laravel/framework/src/Illuminate/Pipeline/Pipeline.php(130): Illuminate\\Foundation\\Http\\Kernel->Illuminate\\Foundation\\Http\\{closure}(Object(Illuminate\\Http\\Request))
#36 /var/www/tagahanga.ru/data/www/tagahanga.ru/vendor/fideloper/proxy/src/TrustProxies.php(57): Illuminate\\Pipeline\\Pipeline->Illuminate\\Pipeline\\{closure}(Object(Illuminate\\Http\\Request))
#37 /var/www/tagahanga.ru/data/www/tagahanga.ru/vendor/laravel/framework/src/Illuminate/Pipeline/Pipeline.php(171): Fideloper\\Proxy\\TrustProxies->handle(Object(Illuminate\\Http\\Request), Object(Closure))
#38 /var/www/tagahanga.ru/data/www/tagahanga.ru/vendor/laravel/framework/src/Illuminate/Foundation/Http/Middleware/TransformsRequest.php(21): Illuminate\\Pipeline\\Pipeline->Illuminate\\Pipeline\\{closure}(Object(Illuminate\\Http\\Request))
#39 /var/www/tagahanga.ru/data/www/tagahanga.ru/vendor/laravel/framework/src/Illuminate/Pipeline/Pipeline.php(171): Illuminate\\Foundation\\Http\\Middleware\\TransformsRequest->handle(Object(Illuminate\\Http\\Request), Object(Closure))
#40 /var/www/tagahanga.ru/data/www/tagahanga.ru/vendor/laravel/framework/src/Illuminate/Foundation/Http/Middleware/TransformsRequest.php(21): Illuminate\\Pipeline\\Pipeline->Illuminate\\Pipeline\\{closure}(Object(Illuminate\\Http\\Request))
#41 /var/www/tagahanga.ru/data/www/tagahanga.ru/vendor/laravel/framework/src/Illuminate/Pipeline/Pipeline.php(171): Illuminate\\Foundation\\Http\\Middleware\\TransformsRequest->handle(Object(Illuminate\\Http\\Request), Object(Closure))
#42 /var/www/tagahanga.ru/data/www/tagahanga.ru/vendor/laravel/framework/src/Illuminate/Foundation/Http/Middleware/ValidatePostSize.php(27): Illuminate\\Pipeline\\Pipeline->Illuminate\\Pipeline\\{closure}(Object(Illuminate\\Http\\Request))
#43 /var/www/tagahanga.ru/data/www/tagahanga.ru/vendor/laravel/framework/src/Illuminate/Pipeline/Pipeline.php(171): Illuminate\\Foundation\\Http\\Middleware\\ValidatePostSize->handle(Object(Illuminate\\Http\\Request), Object(Closure))
#44 /var/www/tagahanga.ru/data/www/tagahanga.ru/vendor/laravel/framework/src/Illuminate/Foundation/Http/Middleware/CheckForMaintenanceMode.php(63): Illuminate\\Pipeline\\Pipeline->Illuminate\\Pipeline\\{closure}(Object(Illuminate\\Http\\Request))
#45 /var/www/tagahanga.ru/data/www/tagahanga.ru/vendor/laravel/framework/src/Illuminate/Pipeline/Pipeline.php(171): Illuminate\\Foundation\\Http\\Middleware\\CheckForMaintenanceMode->handle(Object(Illuminate\\Http\\Request), Object(Closure))
#46 /var/www/tagahanga.ru/data/www/tagahanga.ru/vendor/laravel/framework/src/Illuminate/Pipeline/Pipeline.php(105): Illuminate\\Pipeline\\Pipeline->Illuminate\\Pipeline\\{closure}(Object(Illuminate\\Http\\Request))
#47 /var/www/tagahanga.ru/data/www/tagahanga.ru/vendor/laravel/framework/src/Illuminate/Foundation/Http/Kernel.php(147): Illuminate\\Pipeline\\Pipeline->then(Object(Closure))
#48 /var/www/tagahanga.ru/data/www/tagahanga.ru/vendor/laravel/framework/src/Illuminate/Foundation/Http/Kernel.php(112): Illuminate\\Foundation\\Http\\Kernel->sendRequestThroughRouter(Object(Illuminate\\Http\\Request))
#49 /var/www/tagahanga.ru/data/www/tagahanga.ru/index.php(53): Illuminate\\Foundation\\Http\\Kernel->handle(Object(Illuminate\\Http\\Request))
#50 {main}
"} 
[2021-04-11 17:38:40] production.INFO: array (
  'method' => 'check',
  'params' => 
  array (
    'account' => 'Благотворительное пожертвование @PROboom',
    'date' => '2021-04-11 20:38:39',
    'ip' => '178.150.54.8',
    'isPreauth' => '0',
    'operator' => 'card',
    'orderCurrency' => 'RUB',
    'orderSum' => '1.00',
    'payerCurrency' => 'RUB',
    'payerSum' => '1.00',
    'paymentType' => 'card',
    'profit' => '0.92',
    'projectId' => '409487',
    'purse' => '427654xxxxxx3555',
    'signature' => 'ffdb669187aed2639bf1decc3f2dc28deb54ed229ec66204cf7ebbfa47047a1f',
    'sum' => '1',
    'test' => '0',
    'unitpayId' => '2006835971',
  ),
)  
[2021-04-11 17:38:40] production.ERROR: UnitPay config: searchOrderFilter callback not set {"exception":"[object] (Daaner\\UnitPay\\Exceptions\\InvalidConfiguration(code: 0): UnitPay config: searchOrderFilter callback not set at /var/www/tagahanga.ru/data/www/tagahanga.ru/vendor/daaner/laravel-unitpay/src/Exceptions/InvalidConfiguration.php:18)
[stacktrace]
#0 /var/www/tagahanga.ru/data/www/tagahanga.ru/vendor/daaner/laravel-unitpay/src/UnitPay.php(312): Daaner\\UnitPay\\Exceptions\\InvalidConfiguration::searchOrderFilterInvalid()
#1 /var/www/tagahanga.ru/data/www/tagahanga.ru/vendor/daaner/laravel-unitpay/src/UnitPay.php(382): Daaner\\UnitPay\\UnitPay->callFilterSearchOrder(Object(Illuminate\\Http\\Request))
#2 /var/www/tagahanga.ru/data/www/tagahanga.ru/vendor/laravel/framework/src/Illuminate/Support/Facades/Facade.php(261): Daaner\\UnitPay\\UnitPay->payOrderFromGate(Object(Illuminate\\Http\\Request))
#3 /var/www/tagahanga.ru/data/www/tagahanga.ru/app/Http/Controllers/UnitpayController.php(85): Illuminate\\Support\\Facades\\Facade::__callStatic('payOrderFromGat...', Array)
#4 /var/www/tagahanga.ru/data/www/tagahanga.ru/vendor/laravel/framework/src/Illuminate/Routing/Controller.php(54): App\\Http\\Controllers\\UnitpayController->payOrderFromGate(Object(Illuminate\\Http\\Request))
#5 /var/www/tagahanga.ru/data/www/tagahanga.ru/vendor/laravel/framework/src/Illuminate/Routing/ControllerDispatcher.php(45): Illuminate\\Routing\\Controller->callAction('payOrderFromGat...', Array)
#6 /var/www/tagahanga.ru/data/www/tagahanga.ru/vendor/laravel/framework/src/Illuminate/Routing/Route.php(219): Illuminate\\Routing\\ControllerDispatcher->dispatch(Object(Illuminate\\Routing\\Route), Object(App\\Http\\Controllers\\UnitpayController), 'payOrderFromGat...')
#7 /var/www/tagahanga.ru/data/www/tagahanga.ru/vendor/laravel/framework/src/Illuminate/Routing/Route.php(176): Illuminate\\Routing\\Route->runController()
#8 /var/www/tagahanga.ru/data/www/tagahanga.ru/vendor/laravel/framework/src/Illuminate/Routing/Router.php(686): Illuminate\\Routing\\Route->run()
#9 /var/www/tagahanga.ru/data/www/tagahanga.ru/vendor/laravel/framework/src/Illuminate/Pipeline/Pipeline.php(130): Illuminate\\Routing\\Router->Illuminate\\Routing\\{closure}(Object(Illuminate\\Http\\Request))
#10 /var/www/tagahanga.ru/data/www/tagahanga.ru/app/Http/Middleware/UserLastAuthMiddleware.php(59): Illuminate\\Pipeline\\Pipeline->Illuminate\\Pipeline\\{closure}(Object(Illuminate\\Http\\Request))
#11 /var/www/tagahanga.ru/data/www/tagahanga.ru/vendor/laravel/framework/src/Illuminate/Pipeline/Pipeline.php(171): App\\Http\\Middleware\\UserLastAuthMiddleware->handle(Object(Illuminate\\Http\\Request), Object(Closure))
#12 /var/www/tagahanga.ru/data/www/tagahanga.ru/vendor/uxweb/sweet-alert/src/SweetAlert/ConvertMessagesIntoSweetAlert.php(49): Illuminate\\Pipeline\\Pipeline->Illuminate\\Pipeline\\{closure}(Object(Illuminate\\Http\\Request))
#13 /var/www/tagahanga.ru/data/www/tagahanga.ru/vendor/laravel/framework/src/Illuminate/Pipeline/Pipeline.php(171): UxWeb\\SweetAlert\\ConvertMessagesIntoSweetAlert->handle(Object(Illuminate\\Http\\Request), Object(Closure))
#14 /var/www/tagahanga.ru/data/www/tagahanga.ru/vendor/laravel/framework/src/Illuminate/Routing/Middleware/SubstituteBindings.php(41): Illuminate\\Pipeline\\Pipeline->Illuminate\\Pipeline\\{closure}(Object(Illuminate\\Http\\Request))
#15 /var/www/tagahanga.ru/data/www/tagahanga.ru/vendor/laravel/framework/src/Illuminate/Pipeline/Pipeline.php(171): Illuminate\\Routing\\Middleware\\SubstituteBindings->handle(Object(Illuminate\\Http\\Request), Object(Closure))
#16 /var/www/tagahanga.ru/data/www/tagahanga.ru/vendor/laravel/framework/src/Illuminate/Foundation/Http/Middleware/VerifyCsrfToken.php(77): Illuminate\\Pipeline\\Pipeline->Illuminate\\Pipeline\\{closure}(Object(Illuminate\\Http\\Request))
#17 /var/www/tagahanga.ru/data/www/tagahanga.ru/vendor/laravel/framework/src/Illuminate/Pipeline/Pipeline.php(171): Illuminate\\Foundation\\Http\\Middleware\\VerifyCsrfToken->handle(Object(Illuminate\\Http\\Request), Object(Closure))
#18 /var/www/tagahanga.ru/data/www/tagahanga.ru/vendor/laravel/framework/src/Illuminate/View/Middleware/ShareErrorsFromSession.php(49): Illuminate\\Pipeline\\Pipeline->Illuminate\\Pipeline\\{closure}(Object(Illuminate\\Http\\Request))
#19 /var/www/tagahanga.ru/data/www/tagahanga.ru/vendor/laravel/framework/src/Illuminate/Pipeline/Pipeline.php(171): Illuminate\\View\\Middleware\\ShareErrorsFromSession->handle(Object(Illuminate\\Http\\Request), Object(Closure))
#20 /var/www/tagahanga.ru/data/www/tagahanga.ru/vendor/laravel/framework/src/Illuminate/Session/Middleware/StartSession.php(56): Illuminate\\Pipeline\\Pipeline->Illuminate\\Pipeline\\{closure}(Object(Illuminate\\Http\\Request))
#21 /var/www/tagahanga.ru/data/www/tagahanga.ru/vendor/laravel/framework/src/Illuminate/Pipeline/Pipeline.php(171): Illuminate\\Session\\Middleware\\StartSession->handle(Object(Illuminate\\Http\\Request), Object(Closure))
#22 /var/www/tagahanga.ru/data/www/tagahanga.ru/vendor/laravel/framework/src/Illuminate/Cookie/Middleware/AddQueuedCookiesToResponse.php(37): Illuminate\\Pipeline\\Pipeline->Illuminate\\Pipeline\\{closure}(Object(Illuminate\\Http\\Request))
#23 /var/www/tagahanga.ru/data/www/tagahanga.ru/vendor/laravel/framework/src/Illuminate/Pipeline/Pipeline.php(171): Illuminate\\Cookie\\Middleware\\AddQueuedCookiesToResponse->handle(Object(Illuminate\\Http\\Request), Object(Closure))
#24 /var/www/tagahanga.ru/data/www/tagahanga.ru/vendor/laravel/framework/src/Illuminate/Cookie/Middleware/EncryptCookies.php(67): Illuminate\\Pipeline\\Pipeline->Illuminate\\Pipeline\\{closure}(Object(Illuminate\\Http\\Request))
#25 /var/www/tagahanga.ru/data/www/tagahanga.ru/vendor/laravel/framework/src/Illuminate/Pipeline/Pipeline.php(171): Illuminate\\Cookie\\Middleware\\EncryptCookies->handle(Object(Illuminate\\Http\\Request), Object(Closure))
#26 /var/www/tagahanga.ru/data/www/tagahanga.ru/vendor/laravel/framework/src/Illuminate/Pipeline/Pipeline.php(105): Illuminate\\Pipeline\\Pipeline->Illuminate\\Pipeline\\{closure}(Object(Illuminate\\Http\\Request))
#27 /var/www/tagahanga.ru/data/www/tagahanga.ru/vendor/laravel/framework/src/Illuminate/Routing/Router.php(688): Illuminate\\Pipeline\\Pipeline->then(Object(Closure))
#28 /var/www/tagahanga.ru/data/www/tagahanga.ru/vendor/laravel/framework/src/Illuminate/Routing/Router.php(663): Illuminate\\Routing\\Router->runRouteWithinStack(Object(Illuminate\\Routing\\Route), Object(Illuminate\\Http\\Request))
#29 /var/www/tagahanga.ru/data/www/tagahanga.ru/vendor/laravel/framework/src/Illuminate/Routing/Router.php(629): Illuminate\\Routing\\Router->runRoute(Object(Illuminate\\Http\\Request), Object(Illuminate\\Routing\\Route))
#30 /var/www/tagahanga.ru/data/www/tagahanga.ru/vendor/laravel/framework/src/Illuminate/Routing/Router.php(618): Illuminate\\Routing\\Router->dispatchToRoute(Object(Illuminate\\Http\\Request))
#31 /var/www/tagahanga.ru/data/www/tagahanga.ru/vendor/laravel/framework/src/Illuminate/Foundation/Http/Kernel.php(172): Illuminate\\Routing\\Router->dispatch(Object(Illuminate\\Http\\Request))
#32 /var/www/tagahanga.ru/data/www/tagahanga.ru/vendor/laravel/framework/src/Illuminate/Pipeline/Pipeline.php(130): Illuminate\\Foundation\\Http\\Kernel->Illuminate\\Foundation\\Http\\{closure}(Object(Illuminate\\Http\\Request))
#33 /var/www/tagahanga.ru/data/www/tagahanga.ru/vendor/fideloper/proxy/src/TrustProxies.php(57): Illuminate\\Pipeline\\Pipeline->Illuminate\\Pipeline\\{closure}(Object(Illuminate\\Http\\Request))
#34 /var/www/tagahanga.ru/data/www/tagahanga.ru/vendor/laravel/framework/src/Illuminate/Pipeline/Pipeline.php(171): Fideloper\\Proxy\\TrustProxies->handle(Object(Illuminate\\Http\\Request), Object(Closure))
#35 /var/www/tagahanga.ru/data/www/tagahanga.ru/vendor/laravel/framework/src/Illuminate/Foundation/Http/Middleware/TransformsRequest.php(21): Illuminate\\Pipeline\\Pipeline->Illuminate\\Pipeline\\{closure}(Object(Illuminate\\Http\\Request))
#36 /var/www/tagahanga.ru/data/www/tagahanga.ru/vendor/laravel/framework/src/Illuminate/Pipeline/Pipeline.php(171): Illuminate\\Foundation\\Http\\Middleware\\TransformsRequest->handle(Object(Illuminate\\Http\\Request), Object(Closure))
#37 /var/www/tagahanga.ru/data/www/tagahanga.ru/vendor/laravel/framework/src/Illuminate/Foundation/Http/Middleware/TransformsRequest.php(21): Illuminate\\Pipeline\\Pipeline->Illuminate\\Pipeline\\{closure}(Object(Illuminate\\Http\\Request))
#38 /var/www/tagahanga.ru/data/www/tagahanga.ru/vendor/laravel/framework/src/Illuminate/Pipeline/Pipeline.php(171): Illuminate\\Foundation\\Http\\Middleware\\TransformsRequest->handle(Object(Illuminate\\Http\\Request), Object(Closure))
#39 /var/www/tagahanga.ru/data/www/tagahanga.ru/vendor/laravel/framework/src/Illuminate/Foundation/Http/Middleware/ValidatePostSize.php(27): Illuminate\\Pipeline\\Pipeline->Illuminate\\Pipeline\\{closure}(Object(Illuminate\\Http\\Request))
#40 /var/www/tagahanga.ru/data/www/tagahanga.ru/vendor/laravel/framework/src/Illuminate/Pipeline/Pipeline.php(171): Illuminate\\Foundation\\Http\\Middleware\\ValidatePostSize->handle(Object(Illuminate\\Http\\Request), Object(Closure))
#41 /var/www/tagahanga.ru/data/www/tagahanga.ru/vendor/laravel/framework/src/Illuminate/Foundation/Http/Middleware/CheckForMaintenanceMode.php(63): Illuminate\\Pipeline\\Pipeline->Illuminate\\Pipeline\\{closure}(Object(Illuminate\\Http\\Request))
#42 /var/www/tagahanga.ru/data/www/tagahanga.ru/vendor/laravel/framework/src/Illuminate/Pipeline/Pipeline.php(171): Illuminate\\Foundation\\Http\\Middleware\\CheckForMaintenanceMode->handle(Object(Illuminate\\Http\\Request), Object(Closure))
#43 /var/www/tagahanga.ru/data/www/tagahanga.ru/vendor/laravel/framework/src/Illuminate/Pipeline/Pipeline.php(105): Illuminate\\Pipeline\\Pipeline->Illuminate\\Pipeline\\{closure}(Object(Illuminate\\Http\\Request))
#44 /var/www/tagahanga.ru/data/www/tagahanga.ru/vendor/laravel/framework/src/Illuminate/Foundation/Http/Kernel.php(147): Illuminate\\Pipeline\\Pipeline->then(Object(Closure))
#45 /var/www/tagahanga.ru/data/www/tagahanga.ru/vendor/laravel/framework/src/Illuminate/Foundation/Http/Kernel.php(112): Illuminate\\Foundation\\Http\\Kernel->sendRequestThroughRouter(Object(Illuminate\\Http\\Request))
#46 /var/www/tagahanga.ru/data/www/tagahanga.ru/index.php(53): Illuminate\\Foundation\\Http\\Kernel->handle(Object(Illuminate\\Http\\Request))
#47 {main}
"} 
[2021-04-11 17:38:57] production.INFO: array (
  'method' => 'check',
  'params' => 
  array (
    'account' => 'Благотворительное пожертвование @PROboom',
    'date' => '2021-04-11 20:38:56',
    'ip' => '178.150.54.8',
    'isPreauth' => '0',
    'operator' => 'card',
    'orderCurrency' => 'RUB',
    'orderSum' => '1.00',
    'payerCurrency' => 'RUB',
    'payerSum' => '1.00',
    'paymentType' => 'card',
    'profit' => '0.92',
    'projectId' => '409487',
    'purse' => '427654xxxxxx3555',
    'signature' => '75dfe0eeab6c01083d3ab30ff1ed07b4a6f379190f73d12f9913f0b97352b5a3',
    'sum' => '1',
    'test' => '0',
    'unitpayId' => '2006836367',
  ),
)  
[2021-04-11 17:38:57] production.ERROR: UnitPay config: searchOrderFilter callback not set {"exception":"[object] (Daaner\\UnitPay\\Exceptions\\InvalidConfiguration(code: 0): UnitPay config: searchOrderFilter callback not set at /var/www/tagahanga.ru/data/www/tagahanga.ru/vendor/daaner/laravel-unitpay/src/Exceptions/InvalidConfiguration.php:18)
[stacktrace]
#0 /var/www/tagahanga.ru/data/www/tagahanga.ru/vendor/daaner/laravel-unitpay/src/UnitPay.php(312): Daaner\\UnitPay\\Exceptions\\InvalidConfiguration::searchOrderFilterInvalid()
#1 /var/www/tagahanga.ru/data/www/tagahanga.ru/vendor/daaner/laravel-unitpay/src/UnitPay.php(382): Daaner\\UnitPay\\UnitPay->callFilterSearchOrder(Object(Illuminate\\Http\\Request))
#2 /var/www/tagahanga.ru/data/www/tagahanga.ru/vendor/laravel/framework/src/Illuminate/Support/Facades/Facade.php(261): Daaner\\UnitPay\\UnitPay->payOrderFromGate(Object(Illuminate\\Http\\Request))
#3 /var/www/tagahanga.ru/data/www/tagahanga.ru/app/Http/Controllers/UnitpayController.php(85): Illuminate\\Support\\Facades\\Facade::__callStatic('payOrderFromGat...', Array)
#4 /var/www/tagahanga.ru/data/www/tagahanga.ru/vendor/laravel/framework/src/Illuminate/Routing/Controller.php(54): App\\Http\\Controllers\\UnitpayController->payOrderFromGate(Object(Illuminate\\Http\\Request))
#5 /var/www/tagahanga.ru/data/www/tagahanga.ru/vendor/laravel/framework/src/Illuminate/Routing/ControllerDispatcher.php(45): Illuminate\\Routing\\Controller->callAction('payOrderFromGat...', Array)
#6 /var/www/tagahanga.ru/data/www/tagahanga.ru/vendor/laravel/framework/src/Illuminate/Routing/Route.php(219): Illuminate\\Routing\\ControllerDispatcher->dispatch(Object(Illuminate\\Routing\\Route), Object(App\\Http\\Controllers\\UnitpayController), 'payOrderFromGat...')
#7 /var/www/tagahanga.ru/data/www/tagahanga.ru/vendor/laravel/framework/src/Illuminate/Routing/Route.php(176): Illuminate\\Routing\\Route->runController()
#8 /var/www/tagahanga.ru/data/www/tagahanga.ru/vendor/laravel/framework/src/Illuminate/Routing/Router.php(686): Illuminate\\Routing\\Route->run()
#9 /var/www/tagahanga.ru/data/www/tagahanga.ru/vendor/laravel/framework/src/Illuminate/Pipeline/Pipeline.php(130): Illuminate\\Routing\\Router->Illuminate\\Routing\\{closure}(Object(Illuminate\\Http\\Request))
#10 /var/www/tagahanga.ru/data/www/tagahanga.ru/app/Http/Middleware/UserLastAuthMiddleware.php(59): Illuminate\\Pipeline\\Pipeline->Illuminate\\Pipeline\\{closure}(Object(Illuminate\\Http\\Request))
#11 /var/www/tagahanga.ru/data/www/tagahanga.ru/vendor/laravel/framework/src/Illuminate/Pipeline/Pipeline.php(171): App\\Http\\Middleware\\UserLastAuthMiddleware->handle(Object(Illuminate\\Http\\Request), Object(Closure))
#12 /var/www/tagahanga.ru/data/www/tagahanga.ru/vendor/uxweb/sweet-alert/src/SweetAlert/ConvertMessagesIntoSweetAlert.php(49): Illuminate\\Pipeline\\Pipeline->Illuminate\\Pipeline\\{closure}(Object(Illuminate\\Http\\Request))
#13 /var/www/tagahanga.ru/data/www/tagahanga.ru/vendor/laravel/framework/src/Illuminate/Pipeline/Pipeline.php(171): UxWeb\\SweetAlert\\ConvertMessagesIntoSweetAlert->handle(Object(Illuminate\\Http\\Request), Object(Closure))
#14 /var/www/tagahanga.ru/data/www/tagahanga.ru/vendor/laravel/framework/src/Illuminate/Routing/Middleware/SubstituteBindings.php(41): Illuminate\\Pipeline\\Pipeline->Illuminate\\Pipeline\\{closure}(Object(Illuminate\\Http\\Request))
#15 /var/www/tagahanga.ru/data/www/tagahanga.ru/vendor/laravel/framework/src/Illuminate/Pipeline/Pipeline.php(171): Illuminate\\Routing\\Middleware\\SubstituteBindings->handle(Object(Illuminate\\Http\\Request), Object(Closure))
#16 /var/www/tagahanga.ru/data/www/tagahanga.ru/vendor/laravel/framework/src/Illuminate/Foundation/Http/Middleware/VerifyCsrfToken.php(77): Illuminate\\Pipeline\\Pipeline->Illuminate\\Pipeline\\{closure}(Object(Illuminate\\Http\\Request))
#17 /var/www/tagahanga.ru/data/www/tagahanga.ru/vendor/laravel/framework/src/Illuminate/Pipeline/Pipeline.php(171): Illuminate\\Foundation\\Http\\Middleware\\VerifyCsrfToken->handle(Object(Illuminate\\Http\\Request), Object(Closure))
#18 /var/www/tagahanga.ru/data/www/tagahanga.ru/vendor/laravel/framework/src/Illuminate/View/Middleware/ShareErrorsFromSession.php(49): Illuminate\\Pipeline\\Pipeline->Illuminate\\Pipeline\\{closure}(Object(Illuminate\\Http\\Request))
#19 /var/www/tagahanga.ru/data/www/tagahanga.ru/vendor/laravel/framework/src/Illuminate/Pipeline/Pipeline.php(171): Illuminate\\View\\Middleware\\ShareErrorsFromSession->handle(Object(Illuminate\\Http\\Request), Object(Closure))
#20 /var/www/tagahanga.ru/data/www/tagahanga.ru/vendor/laravel/framework/src/Illuminate/Session/Middleware/StartSession.php(56): Illuminate\\Pipeline\\Pipeline->Illuminate\\Pipeline\\{closure}(Object(Illuminate\\Http\\Request))
#21 /var/www/tagahanga.ru/data/www/tagahanga.ru/vendor/laravel/framework/src/Illuminate/Pipeline/Pipeline.php(171): Illuminate\\Session\\Middleware\\StartSession->handle(Object(Illuminate\\Http\\Request), Object(Closure))
#22 /var/www/tagahanga.ru/data/www/tagahanga.ru/vendor/laravel/framework/src/Illuminate/Cookie/Middleware/AddQueuedCookiesToResponse.php(37): Illuminate\\Pipeline\\Pipeline->Illuminate\\Pipeline\\{closure}(Object(Illuminate\\Http\\Request))
#23 /var/www/tagahanga.ru/data/www/tagahanga.ru/vendor/laravel/framework/src/Illuminate/Pipeline/Pipeline.php(171): Illuminate\\Cookie\\Middleware\\AddQueuedCookiesToResponse->handle(Object(Illuminate\\Http\\Request), Object(Closure))
#24 /var/www/tagahanga.ru/data/www/tagahanga.ru/vendor/laravel/framework/src/Illuminate/Cookie/Middleware/EncryptCookies.php(67): Illuminate\\Pipeline\\Pipeline->Illuminate\\Pipeline\\{closure}(Object(Illuminate\\Http\\Request))
#25 /var/www/tagahanga.ru/data/www/tagahanga.ru/vendor/laravel/framework/src/Illuminate/Pipeline/Pipeline.php(171): Illuminate\\Cookie\\Middleware\\EncryptCookies->handle(Object(Illuminate\\Http\\Request), Object(Closure))
#26 /var/www/tagahanga.ru/data/www/tagahanga.ru/vendor/laravel/framework/src/Illuminate/Pipeline/Pipeline.php(105): Illuminate\\Pipeline\\Pipeline->Illuminate\\Pipeline\\{closure}(Object(Illuminate\\Http\\Request))
#27 /var/www/tagahanga.ru/data/www/tagahanga.ru/vendor/laravel/framework/src/Illuminate/Routing/Router.php(688): Illuminate\\Pipeline\\Pipeline->then(Object(Closure))
#28 /var/www/tagahanga.ru/data/www/tagahanga.ru/vendor/laravel/framework/src/Illuminate/Routing/Router.php(663): Illuminate\\Routing\\Router->runRouteWithinStack(Object(Illuminate\\Routing\\Route), Object(Illuminate\\Http\\Request))
#29 /var/www/tagahanga.ru/data/www/tagahanga.ru/vendor/laravel/framework/src/Illuminate/Routing/Router.php(629): Illuminate\\Routing\\Router->runRoute(Object(Illuminate\\Http\\Request), Object(Illuminate\\Routing\\Route))
#30 /var/www/tagahanga.ru/data/www/tagahanga.ru/vendor/laravel/framework/src/Illuminate/Routing/Router.php(618): Illuminate\\Routing\\Router->dispatchToRoute(Object(Illuminate\\Http\\Request))
#31 /var/www/tagahanga.ru/data/www/tagahanga.ru/vendor/laravel/framework/src/Illuminate/Foundation/Http/Kernel.php(172): Illuminate\\Routing\\Router->dispatch(Object(Illuminate\\Http\\Request))
#32 /var/www/tagahanga.ru/data/www/tagahanga.ru/vendor/laravel/framework/src/Illuminate/Pipeline/Pipeline.php(130): Illuminate\\Foundation\\Http\\Kernel->Illuminate\\Foundation\\Http\\{closure}(Object(Illuminate\\Http\\Request))
#33 /var/www/tagahanga.ru/data/www/tagahanga.ru/vendor/fideloper/proxy/src/TrustProxies.php(57): Illuminate\\Pipeline\\Pipeline->Illuminate\\Pipeline\\{closure}(Object(Illuminate\\Http\\Request))
#34 /var/www/tagahanga.ru/data/www/tagahanga.ru/vendor/laravel/framework/src/Illuminate/Pipeline/Pipeline.php(171): Fideloper\\Proxy\\TrustProxies->handle(Object(Illuminate\\Http\\Request), Object(Closure))
#35 /var/www/tagahanga.ru/data/www/tagahanga.ru/vendor/laravel/framework/src/Illuminate/Foundation/Http/Middleware/TransformsRequest.php(21): Illuminate\\Pipeline\\Pipeline->Illuminate\\Pipeline\\{closure}(Object(Illuminate\\Http\\Request))
#36 /var/www/tagahanga.ru/data/www/tagahanga.ru/vendor/laravel/framework/src/Illuminate/Pipeline/Pipeline.php(171): Illuminate\\Foundation\\Http\\Middleware\\TransformsRequest->handle(Object(Illuminate\\Http\\Request), Object(Closure))
#37 /var/www/tagahanga.ru/data/www/tagahanga.ru/vendor/laravel/framework/src/Illuminate/Foundation/Http/Middleware/TransformsRequest.php(21): Illuminate\\Pipeline\\Pipeline->Illuminate\\Pipeline\\{closure}(Object(Illuminate\\Http\\Request))
#38 /var/www/tagahanga.ru/data/www/tagahanga.ru/vendor/laravel/framework/src/Illuminate/Pipeline/Pipeline.php(171): Illuminate\\Foundation\\Http\\Middleware\\TransformsRequest->handle(Object(Illuminate\\Http\\Request), Object(Closure))
#39 /var/www/tagahanga.ru/data/www/tagahanga.ru/vendor/laravel/framework/src/Illuminate/Foundation/Http/Middleware/ValidatePostSize.php(27): Illuminate\\Pipeline\\Pipeline->Illuminate\\Pipeline\\{closure}(Object(Illuminate\\Http\\Request))
#40 /var/www/tagahanga.ru/data/www/tagahanga.ru/vendor/laravel/framework/src/Illuminate/Pipeline/Pipeline.php(171): Illuminate\\Foundation\\Http\\Middleware\\ValidatePostSize->handle(Object(Illuminate\\Http\\Request), Object(Closure))
#41 /var/www/tagahanga.ru/data/www/tagahanga.ru/vendor/laravel/framework/src/Illuminate/Foundation/Http/Middleware/CheckForMaintenanceMode.php(63): Illuminate\\Pipeline\\Pipeline->Illuminate\\Pipeline\\{closure}(Object(Illuminate\\Http\\Request))
#42 /var/www/tagahanga.ru/data/www/tagahanga.ru/vendor/laravel/framework/src/Illuminate/Pipeline/Pipeline.php(171): Illuminate\\Foundation\\Http\\Middleware\\CheckForMaintenanceMode->handle(Object(Illuminate\\Http\\Request), Object(Closure))
#43 /var/www/tagahanga.ru/data/www/tagahanga.ru/vendor/laravel/framework/src/Illuminate/Pipeline/Pipeline.php(105): Illuminate\\Pipeline\\Pipeline->Illuminate\\Pipeline\\{closure}(Object(Illuminate\\Http\\Request))
#44 /var/www/tagahanga.ru/data/www/tagahanga.ru/vendor/laravel/framework/src/Illuminate/Foundation/Http/Kernel.php(147): Illuminate\\Pipeline\\Pipeline->then(Object(Closure))
#45 /var/www/tagahanga.ru/data/www/tagahanga.ru/vendor/laravel/framework/src/Illuminate/Foundation/Http/Kernel.php(112): Illuminate\\Foundation\\Http\\Kernel->sendRequestThroughRouter(Object(Illuminate\\Http\\Request))
#46 /var/www/tagahanga.ru/data/www/tagahanga.ru/index.php(53): Illuminate\\Foundation\\Http\\Kernel->handle(Object(Illuminate\\Http\\Request))
#47 {main}
"} 
[2021-04-11 17:42:24] production.INFO: array (
  'method' => 'check',
  'params' => 
  array (
    'account' => 'Благотворительное пожертвование @PROboom',
    'date' => '2021-04-11 20:42:24',
    'ip' => '178.150.54.8',
    'isPreauth' => '0',
    'operator' => 'card',
    'orderCurrency' => 'RUB',
    'orderSum' => '1.00',
    'payerCurrency' => 'RUB',
    'payerSum' => '1.00',
    'paymentType' => 'card',
    'profit' => '0.92',
    'projectId' => '409487',
    'purse' => '427654xxxxxx3555',
    'signature' => 'c90504e0847c3c6c1dd558a3c092ee1128545a67ff8d5b4f2b4395592610ce03',
    'sum' => '1',
    'test' => '0',
    'unitpayId' => '2006840117',
  ),
)  
[2021-04-11 17:42:24] production.ERROR: UnitPay config: searchOrderFilter callback not set {"exception":"[object] (Daaner\\UnitPay\\Exceptions\\InvalidConfiguration(code: 0): UnitPay config: searchOrderFilter callback not set at /var/www/tagahanga.ru/data/www/tagahanga.ru/vendor/daaner/laravel-unitpay/src/Exceptions/InvalidConfiguration.php:18)
[stacktrace]
#0 /var/www/tagahanga.ru/data/www/tagahanga.ru/vendor/daaner/laravel-unitpay/src/UnitPay.php(312): Daaner\\UnitPay\\Exceptions\\InvalidConfiguration::searchOrderFilterInvalid()
#1 /var/www/tagahanga.ru/data/www/tagahanga.ru/vendor/daaner/laravel-unitpay/src/UnitPay.php(382): Daaner\\UnitPay\\UnitPay->callFilterSearchOrder(Object(Illuminate\\Http\\Request))
#2 /var/www/tagahanga.ru/data/www/tagahanga.ru/vendor/laravel/framework/src/Illuminate/Support/Facades/Facade.php(261): Daaner\\UnitPay\\UnitPay->payOrderFromGate(Object(Illuminate\\Http\\Request))
#3 /var/www/tagahanga.ru/data/www/tagahanga.ru/app/Http/Controllers/UnitpayController.php(85): Illuminate\\Support\\Facades\\Facade::__callStatic('payOrderFromGat...', Array)
#4 /var/www/tagahanga.ru/data/www/tagahanga.ru/vendor/laravel/framework/src/Illuminate/Routing/Controller.php(54): App\\Http\\Controllers\\UnitpayController->payOrderFromGate(Object(Illuminate\\Http\\Request))
#5 /var/www/tagahanga.ru/data/www/tagahanga.ru/vendor/laravel/framework/src/Illuminate/Routing/ControllerDispatcher.php(45): Illuminate\\Routing\\Controller->callAction('payOrderFromGat...', Array)
#6 /var/www/tagahanga.ru/data/www/tagahanga.ru/vendor/laravel/framework/src/Illuminate/Routing/Route.php(219): Illuminate\\Routing\\ControllerDispatcher->dispatch(Object(Illuminate\\Routing\\Route), Object(App\\Http\\Controllers\\UnitpayController), 'payOrderFromGat...')
#7 /var/www/tagahanga.ru/data/www/tagahanga.ru/vendor/laravel/framework/src/Illuminate/Routing/Route.php(176): Illuminate\\Routing\\Route->runController()
#8 /var/www/tagahanga.ru/data/www/tagahanga.ru/vendor/laravel/framework/src/Illuminate/Routing/Router.php(686): Illuminate\\Routing\\Route->run()
#9 /var/www/tagahanga.ru/data/www/tagahanga.ru/vendor/laravel/framework/src/Illuminate/Pipeline/Pipeline.php(130): Illuminate\\Routing\\Router->Illuminate\\Routing\\{closure}(Object(Illuminate\\Http\\Request))
#10 /var/www/tagahanga.ru/data/www/tagahanga.ru/app/Http/Middleware/UserLastAuthMiddleware.php(59): Illuminate\\Pipeline\\Pipeline->Illuminate\\Pipeline\\{closure}(Object(Illuminate\\Http\\Request))
#11 /var/www/tagahanga.ru/data/www/tagahanga.ru/vendor/laravel/framework/src/Illuminate/Pipeline/Pipeline.php(171): App\\Http\\Middleware\\UserLastAuthMiddleware->handle(Object(Illuminate\\Http\\Request), Object(Closure))
#12 /var/www/tagahanga.ru/data/www/tagahanga.ru/vendor/uxweb/sweet-alert/src/SweetAlert/ConvertMessagesIntoSweetAlert.php(49): Illuminate\\Pipeline\\Pipeline->Illuminate\\Pipeline\\{closure}(Object(Illuminate\\Http\\Request))
#13 /var/www/tagahanga.ru/data/www/tagahanga.ru/vendor/laravel/framework/src/Illuminate/Pipeline/Pipeline.php(171): UxWeb\\SweetAlert\\ConvertMessagesIntoSweetAlert->handle(Object(Illuminate\\Http\\Request), Object(Closure))
#14 /var/www/tagahanga.ru/data/www/tagahanga.ru/vendor/laravel/framework/src/Illuminate/Routing/Middleware/SubstituteBindings.php(41): Illuminate\\Pipeline\\Pipeline->Illuminate\\Pipeline\\{closure}(Object(Illuminate\\Http\\Request))
#15 /var/www/tagahanga.ru/data/www/tagahanga.ru/vendor/laravel/framework/src/Illuminate/Pipeline/Pipeline.php(171): Illuminate\\Routing\\Middleware\\SubstituteBindings->handle(Object(Illuminate\\Http\\Request), Object(Closure))
#16 /var/www/tagahanga.ru/data/www/tagahanga.ru/vendor/laravel/framework/src/Illuminate/Foundation/Http/Middleware/VerifyCsrfToken.php(77): Illuminate\\Pipeline\\Pipeline->Illuminate\\Pipeline\\{closure}(Object(Illuminate\\Http\\Request))
#17 /var/www/tagahanga.ru/data/www/tagahanga.ru/vendor/laravel/framework/src/Illuminate/Pipeline/Pipeline.php(171): Illuminate\\Foundation\\Http\\Middleware\\VerifyCsrfToken->handle(Object(Illuminate\\Http\\Request), Object(Closure))
#18 /var/www/tagahanga.ru/data/www/tagahanga.ru/vendor/laravel/framework/src/Illuminate/View/Middleware/ShareErrorsFromSession.php(49): Illuminate\\Pipeline\\Pipeline->Illuminate\\Pipeline\\{closure}(Object(Illuminate\\Http\\Request))
#19 /var/www/tagahanga.ru/data/www/tagahanga.ru/vendor/laravel/framework/src/Illuminate/Pipeline/Pipeline.php(171): Illuminate\\View\\Middleware\\ShareErrorsFromSession->handle(Object(Illuminate\\Http\\Request), Object(Closure))
#20 /var/www/tagahanga.ru/data/www/tagahanga.ru/vendor/laravel/framework/src/Illuminate/Session/Middleware/StartSession.php(56): Illuminate\\Pipeline\\Pipeline->Illuminate\\Pipeline\\{closure}(Object(Illuminate\\Http\\Request))
#21 /var/www/tagahanga.ru/data/www/tagahanga.ru/vendor/laravel/framework/src/Illuminate/Pipeline/Pipeline.php(171): Illuminate\\Session\\Middleware\\StartSession->handle(Object(Illuminate\\Http\\Request), Object(Closure))
#22 /var/www/tagahanga.ru/data/www/tagahanga.ru/vendor/laravel/framework/src/Illuminate/Cookie/Middleware/AddQueuedCookiesToResponse.php(37): Illuminate\\Pipeline\\Pipeline->Illuminate\\Pipeline\\{closure}(Object(Illuminate\\Http\\Request))
#23 /var/www/tagahanga.ru/data/www/tagahanga.ru/vendor/laravel/framework/src/Illuminate/Pipeline/Pipeline.php(171): Illuminate\\Cookie\\Middleware\\AddQueuedCookiesToResponse->handle(Object(Illuminate\\Http\\Request), Object(Closure))
#24 /var/www/tagahanga.ru/data/www/tagahanga.ru/vendor/laravel/framework/src/Illuminate/Cookie/Middleware/EncryptCookies.php(67): Illuminate\\Pipeline\\Pipeline->Illuminate\\Pipeline\\{closure}(Object(Illuminate\\Http\\Request))
#25 /var/www/tagahanga.ru/data/www/tagahanga.ru/vendor/laravel/framework/src/Illuminate/Pipeline/Pipeline.php(171): Illuminate\\Cookie\\Middleware\\EncryptCookies->handle(Object(Illuminate\\Http\\Request), Object(Closure))
#26 /var/www/tagahanga.ru/data/www/tagahanga.ru/vendor/laravel/framework/src/Illuminate/Pipeline/Pipeline.php(105): Illuminate\\Pipeline\\Pipeline->Illuminate\\Pipeline\\{closure}(Object(Illuminate\\Http\\Request))
#27 /var/www/tagahanga.ru/data/www/tagahanga.ru/vendor/laravel/framework/src/Illuminate/Routing/Router.php(688): Illuminate\\Pipeline\\Pipeline->then(Object(Closure))
#28 /var/www/tagahanga.ru/data/www/tagahanga.ru/vendor/laravel/framework/src/Illuminate/Routing/Router.php(663): Illuminate\\Routing\\Router->runRouteWithinStack(Object(Illuminate\\Routing\\Route), Object(Illuminate\\Http\\Request))
#29 /var/www/tagahanga.ru/data/www/tagahanga.ru/vendor/laravel/framework/src/Illuminate/Routing/Router.php(629): Illuminate\\Routing\\Router->runRoute(Object(Illuminate\\Http\\Request), Object(Illuminate\\Routing\\Route))
#30 /var/www/tagahanga.ru/data/www/tagahanga.ru/vendor/laravel/framework/src/Illuminate/Routing/Router.php(618): Illuminate\\Routing\\Router->dispatchToRoute(Object(Illuminate\\Http\\Request))
#31 /var/www/tagahanga.ru/data/www/tagahanga.ru/vendor/laravel/framework/src/Illuminate/Foundation/Http/Kernel.php(172): Illuminate\\Routing\\Router->dispatch(Object(Illuminate\\Http\\Request))
#32 /var/www/tagahanga.ru/data/www/tagahanga.ru/vendor/laravel/framework/src/Illuminate/Pipeline/Pipeline.php(130): Illuminate\\Foundation\\Http\\Kernel->Illuminate\\Foundation\\Http\\{closure}(Object(Illuminate\\Http\\Request))
#33 /var/www/tagahanga.ru/data/www/tagahanga.ru/vendor/fideloper/proxy/src/TrustProxies.php(57): Illuminate\\Pipeline\\Pipeline->Illuminate\\Pipeline\\{closure}(Object(Illuminate\\Http\\Request))
#34 /var/www/tagahanga.ru/data/www/tagahanga.ru/vendor/laravel/framework/src/Illuminate/Pipeline/Pipeline.php(171): Fideloper\\Proxy\\TrustProxies->handle(Object(Illuminate\\Http\\Request), Object(Closure))
#35 /var/www/tagahanga.ru/data/www/tagahanga.ru/vendor/laravel/framework/src/Illuminate/Foundation/Http/Middleware/TransformsRequest.php(21): Illuminate\\Pipeline\\Pipeline->Illuminate\\Pipeline\\{closure}(Object(Illuminate\\Http\\Request))
#36 /var/www/tagahanga.ru/data/www/tagahanga.ru/vendor/laravel/framework/src/Illuminate/Pipeline/Pipeline.php(171): Illuminate\\Foundation\\Http\\Middleware\\TransformsRequest->handle(Object(Illuminate\\Http\\Request), Object(Closure))
#37 /var/www/tagahanga.ru/data/www/tagahanga.ru/vendor/laravel/framework/src/Illuminate/Foundation/Http/Middleware/TransformsRequest.php(21): Illuminate\\Pipeline\\Pipeline->Illuminate\\Pipeline\\{closure}(Object(Illuminate\\Http\\Request))
#38 /var/www/tagahanga.ru/data/www/tagahanga.ru/vendor/laravel/framework/src/Illuminate/Pipeline/Pipeline.php(171): Illuminate\\Foundation\\Http\\Middleware\\TransformsRequest->handle(Object(Illuminate\\Http\\Request), Object(Closure))
#39 /var/www/tagahanga.ru/data/www/tagahanga.ru/vendor/laravel/framework/src/Illuminate/Foundation/Http/Middleware/ValidatePostSize.php(27): Illuminate\\Pipeline\\Pipeline->Illuminate\\Pipeline\\{closure}(Object(Illuminate\\Http\\Request))
#40 /var/www/tagahanga.ru/data/www/tagahanga.ru/vendor/laravel/framework/src/Illuminate/Pipeline/Pipeline.php(171): Illuminate\\Foundation\\Http\\Middleware\\ValidatePostSize->handle(Object(Illuminate\\Http\\Request), Object(Closure))
#41 /var/www/tagahanga.ru/data/www/tagahanga.ru/vendor/laravel/framework/src/Illuminate/Foundation/Http/Middleware/CheckForMaintenanceMode.php(63): Illuminate\\Pipeline\\Pipeline->Illuminate\\Pipeline\\{closure}(Object(Illuminate\\Http\\Request))
#42 /var/www/tagahanga.ru/data/www/tagahanga.ru/vendor/laravel/framework/src/Illuminate/Pipeline/Pipeline.php(171): Illuminate\\Foundation\\Http\\Middleware\\CheckForMaintenanceMode->handle(Object(Illuminate\\Http\\Request), Object(Closure))
#43 /var/www/tagahanga.ru/data/www/tagahanga.ru/vendor/laravel/framework/src/Illuminate/Pipeline/Pipeline.php(105): Illuminate\\Pipeline\\Pipeline->Illuminate\\Pipeline\\{closure}(Object(Illuminate\\Http\\Request))
#44 /var/www/tagahanga.ru/data/www/tagahanga.ru/vendor/laravel/framework/src/Illuminate/Foundation/Http/Kernel.php(147): Illuminate\\Pipeline\\Pipeline->then(Object(Closure))
#45 /var/www/tagahanga.ru/data/www/tagahanga.ru/vendor/laravel/framework/src/Illuminate/Foundation/Http/Kernel.php(112): Illuminate\\Foundation\\Http\\Kernel->sendRequestThroughRouter(Object(Illuminate\\Http\\Request))
#46 /var/www/tagahanga.ru/data/www/tagahanga.ru/index.php(53): Illuminate\\Foundation\\Http\\Kernel->handle(Object(Illuminate\\Http\\Request))
#47 {main}
"} 
[2021-04-11 17:42:54] production.INFO: array (
  'method' => 'check',
  'params' => 
  array (
    'account' => 'Благотворительное пожертвование @PROboom',
    'date' => '2021-04-11 20:42:54',
    'ip' => '178.150.54.8',
    'isPreauth' => '0',
    'operator' => 'card',
    'orderCurrency' => 'RUB',
    'orderSum' => '1.00',
    'payerCurrency' => 'RUB',
    'payerSum' => '1.00',
    'paymentType' => 'card',
    'profit' => '0.92',
    'projectId' => '409487',
    'purse' => '427654xxxxxx3555',
    'signature' => '778682849d2e8184b7e3a6dd4022c6dde6be1763daf8a9a3fd7efed47a62f479',
    'sum' => '1',
    'test' => '0',
    'unitpayId' => '2006840669',
  ),
)  
[2021-04-11 17:42:54] production.ERROR: UnitPay config: searchOrderFilter callback not set {"exception":"[object] (Daaner\\UnitPay\\Exceptions\\InvalidConfiguration(code: 0): UnitPay config: searchOrderFilter callback not set at /var/www/tagahanga.ru/data/www/tagahanga.ru/vendor/daaner/laravel-unitpay/src/Exceptions/InvalidConfiguration.php:18)
[stacktrace]
#0 /var/www/tagahanga.ru/data/www/tagahanga.ru/vendor/daaner/laravel-unitpay/src/UnitPay.php(312): Daaner\\UnitPay\\Exceptions\\InvalidConfiguration::searchOrderFilterInvalid()
#1 /var/www/tagahanga.ru/data/www/tagahanga.ru/vendor/daaner/laravel-unitpay/src/UnitPay.php(382): Daaner\\UnitPay\\UnitPay->callFilterSearchOrder(Object(Illuminate\\Http\\Request))
#2 /var/www/tagahanga.ru/data/www/tagahanga.ru/vendor/laravel/framework/src/Illuminate/Support/Facades/Facade.php(261): Daaner\\UnitPay\\UnitPay->payOrderFromGate(Object(Illuminate\\Http\\Request))
#3 /var/www/tagahanga.ru/data/www/tagahanga.ru/app/Http/Controllers/UnitpayController.php(85): Illuminate\\Support\\Facades\\Facade::__callStatic('payOrderFromGat...', Array)
#4 /var/www/tagahanga.ru/data/www/tagahanga.ru/vendor/laravel/framework/src/Illuminate/Routing/Controller.php(54): App\\Http\\Controllers\\UnitpayController->payOrderFromGate(Object(Illuminate\\Http\\Request))
#5 /var/www/tagahanga.ru/data/www/tagahanga.ru/vendor/laravel/framework/src/Illuminate/Routing/ControllerDispatcher.php(45): Illuminate\\Routing\\Controller->callAction('payOrderFromGat...', Array)
#6 /var/www/tagahanga.ru/data/www/tagahanga.ru/vendor/laravel/framework/src/Illuminate/Routing/Route.php(219): Illuminate\\Routing\\ControllerDispatcher->dispatch(Object(Illuminate\\Routing\\Route), Object(App\\Http\\Controllers\\UnitpayController), 'payOrderFromGat...')
#7 /var/www/tagahanga.ru/data/www/tagahanga.ru/vendor/laravel/framework/src/Illuminate/Routing/Route.php(176): Illuminate\\Routing\\Route->runController()
#8 /var/www/tagahanga.ru/data/www/tagahanga.ru/vendor/laravel/framework/src/Illuminate/Routing/Router.php(686): Illuminate\\Routing\\Route->run()
#9 /var/www/tagahanga.ru/data/www/tagahanga.ru/vendor/laravel/framework/src/Illuminate/Pipeline/Pipeline.php(130): Illuminate\\Routing\\Router->Illuminate\\Routing\\{closure}(Object(Illuminate\\Http\\Request))
#10 /var/www/tagahanga.ru/data/www/tagahanga.ru/app/Http/Middleware/UserLastAuthMiddleware.php(59): Illuminate\\Pipeline\\Pipeline->Illuminate\\Pipeline\\{closure}(Object(Illuminate\\Http\\Request))
#11 /var/www/tagahanga.ru/data/www/tagahanga.ru/vendor/laravel/framework/src/Illuminate/Pipeline/Pipeline.php(171): App\\Http\\Middleware\\UserLastAuthMiddleware->handle(Object(Illuminate\\Http\\Request), Object(Closure))
#12 /var/www/tagahanga.ru/data/www/tagahanga.ru/vendor/uxweb/sweet-alert/src/SweetAlert/ConvertMessagesIntoSweetAlert.php(49): Illuminate\\Pipeline\\Pipeline->Illuminate\\Pipeline\\{closure}(Object(Illuminate\\Http\\Request))
#13 /var/www/tagahanga.ru/data/www/tagahanga.ru/vendor/laravel/framework/src/Illuminate/Pipeline/Pipeline.php(171): UxWeb\\SweetAlert\\ConvertMessagesIntoSweetAlert->handle(Object(Illuminate\\Http\\Request), Object(Closure))
#14 /var/www/tagahanga.ru/data/www/tagahanga.ru/vendor/laravel/framework/src/Illuminate/Routing/Middleware/SubstituteBindings.php(41): Illuminate\\Pipeline\\Pipeline->Illuminate\\Pipeline\\{closure}(Object(Illuminate\\Http\\Request))
#15 /var/www/tagahanga.ru/data/www/tagahanga.ru/vendor/laravel/framework/src/Illuminate/Pipeline/Pipeline.php(171): Illuminate\\Routing\\Middleware\\SubstituteBindings->handle(Object(Illuminate\\Http\\Request), Object(Closure))
#16 /var/www/tagahanga.ru/data/www/tagahanga.ru/vendor/laravel/framework/src/Illuminate/Foundation/Http/Middleware/VerifyCsrfToken.php(77): Illuminate\\Pipeline\\Pipeline->Illuminate\\Pipeline\\{closure}(Object(Illuminate\\Http\\Request))
#17 /var/www/tagahanga.ru/data/www/tagahanga.ru/vendor/laravel/framework/src/Illuminate/Pipeline/Pipeline.php(171): Illuminate\\Foundation\\Http\\Middleware\\VerifyCsrfToken->handle(Object(Illuminate\\Http\\Request), Object(Closure))
#18 /var/www/tagahanga.ru/data/www/tagahanga.ru/vendor/laravel/framework/src/Illuminate/View/Middleware/ShareErrorsFromSession.php(49): Illuminate\\Pipeline\\Pipeline->Illuminate\\Pipeline\\{closure}(Object(Illuminate\\Http\\Request))
#19 /var/www/tagahanga.ru/data/www/tagahanga.ru/vendor/laravel/framework/src/Illuminate/Pipeline/Pipeline.php(171): Illuminate\\View\\Middleware\\ShareErrorsFromSession->handle(Object(Illuminate\\Http\\Request), Object(Closure))
#20 /var/www/tagahanga.ru/data/www/tagahanga.ru/vendor/laravel/framework/src/Illuminate/Session/Middleware/StartSession.php(56): Illuminate\\Pipeline\\Pipeline->Illuminate\\Pipeline\\{closure}(Object(Illuminate\\Http\\Request))
#21 /var/www/tagahanga.ru/data/www/tagahanga.ru/vendor/laravel/framework/src/Illuminate/Pipeline/Pipeline.php(171): Illuminate\\Session\\Middleware\\StartSession->handle(Object(Illuminate\\Http\\Request), Object(Closure))
#22 /var/www/tagahanga.ru/data/www/tagahanga.ru/vendor/laravel/framework/src/Illuminate/Cookie/Middleware/AddQueuedCookiesToResponse.php(37): Illuminate\\Pipeline\\Pipeline->Illuminate\\Pipeline\\{closure}(Object(Illuminate\\Http\\Request))
#23 /var/www/tagahanga.ru/data/www/tagahanga.ru/vendor/laravel/framework/src/Illuminate/Pipeline/Pipeline.php(171): Illuminate\\Cookie\\Middleware\\AddQueuedCookiesToResponse->handle(Object(Illuminate\\Http\\Request), Object(Closure))
#24 /var/www/tagahanga.ru/data/www/tagahanga.ru/vendor/laravel/framework/src/Illuminate/Cookie/Middleware/EncryptCookies.php(67): Illuminate\\Pipeline\\Pipeline->Illuminate\\Pipeline\\{closure}(Object(Illuminate\\Http\\Request))
#25 /var/www/tagahanga.ru/data/www/tagahanga.ru/vendor/laravel/framework/src/Illuminate/Pipeline/Pipeline.php(171): Illuminate\\Cookie\\Middleware\\EncryptCookies->handle(Object(Illuminate\\Http\\Request), Object(Closure))
#26 /var/www/tagahanga.ru/data/www/tagahanga.ru/vendor/laravel/framework/src/Illuminate/Pipeline/Pipeline.php(105): Illuminate\\Pipeline\\Pipeline->Illuminate\\Pipeline\\{closure}(Object(Illuminate\\Http\\Request))
#27 /var/www/tagahanga.ru/data/www/tagahanga.ru/vendor/laravel/framework/src/Illuminate/Routing/Router.php(688): Illuminate\\Pipeline\\Pipeline->then(Object(Closure))
#28 /var/www/tagahanga.ru/data/www/tagahanga.ru/vendor/laravel/framework/src/Illuminate/Routing/Router.php(663): Illuminate\\Routing\\Router->runRouteWithinStack(Object(Illuminate\\Routing\\Route), Object(Illuminate\\Http\\Request))
#29 /var/www/tagahanga.ru/data/www/tagahanga.ru/vendor/laravel/framework/src/Illuminate/Routing/Router.php(629): Illuminate\\Routing\\Router->runRoute(Object(Illuminate\\Http\\Request), Object(Illuminate\\Routing\\Route))
#30 /var/www/tagahanga.ru/data/www/tagahanga.ru/vendor/laravel/framework/src/Illuminate/Routing/Router.php(618): Illuminate\\Routing\\Router->dispatchToRoute(Object(Illuminate\\Http\\Request))
#31 /var/www/tagahanga.ru/data/www/tagahanga.ru/vendor/laravel/framework/src/Illuminate/Foundation/Http/Kernel.php(172): Illuminate\\Routing\\Router->dispatch(Object(Illuminate\\Http\\Request))
#32 /var/www/tagahanga.ru/data/www/tagahanga.ru/vendor/laravel/framework/src/Illuminate/Pipeline/Pipeline.php(130): Illuminate\\Foundation\\Http\\Kernel->Illuminate\\Foundation\\Http\\{closure}(Object(Illuminate\\Http\\Request))
#33 /var/www/tagahanga.ru/data/www/tagahanga.ru/vendor/fideloper/proxy/src/TrustProxies.php(57): Illuminate\\Pipeline\\Pipeline->Illuminate\\Pipeline\\{closure}(Object(Illuminate\\Http\\Request))
#34 /var/www/tagahanga.ru/data/www/tagahanga.ru/vendor/laravel/framework/src/Illuminate/Pipeline/Pipeline.php(171): Fideloper\\Proxy\\TrustProxies->handle(Object(Illuminate\\Http\\Request), Object(Closure))
#35 /var/www/tagahanga.ru/data/www/tagahanga.ru/vendor/laravel/framework/src/Illuminate/Foundation/Http/Middleware/TransformsRequest.php(21): Illuminate\\Pipeline\\Pipeline->Illuminate\\Pipeline\\{closure}(Object(Illuminate\\Http\\Request))
#36 /var/www/tagahanga.ru/data/www/tagahanga.ru/vendor/laravel/framework/src/Illuminate/Pipeline/Pipeline.php(171): Illuminate\\Foundation\\Http\\Middleware\\TransformsRequest->handle(Object(Illuminate\\Http\\Request), Object(Closure))
#37 /var/www/tagahanga.ru/data/www/tagahanga.ru/vendor/laravel/framework/src/Illuminate/Foundation/Http/Middleware/TransformsRequest.php(21): Illuminate\\Pipeline\\Pipeline->Illuminate\\Pipeline\\{closure}(Object(Illuminate\\Http\\Request))
#38 /var/www/tagahanga.ru/data/www/tagahanga.ru/vendor/laravel/framework/src/Illuminate/Pipeline/Pipeline.php(171): Illuminate\\Foundation\\Http\\Middleware\\TransformsRequest->handle(Object(Illuminate\\Http\\Request), Object(Closure))
#39 /var/www/tagahanga.ru/data/www/tagahanga.ru/vendor/laravel/framework/src/Illuminate/Foundation/Http/Middleware/ValidatePostSize.php(27): Illuminate\\Pipeline\\Pipeline->Illuminate\\Pipeline\\{closure}(Object(Illuminate\\Http\\Request))
#40 /var/www/tagahanga.ru/data/www/tagahanga.ru/vendor/laravel/framework/src/Illuminate/Pipeline/Pipeline.php(171): Illuminate\\Foundation\\Http\\Middleware\\ValidatePostSize->handle(Object(Illuminate\\Http\\Request), Object(Closure))
#41 /var/www/tagahanga.ru/data/www/tagahanga.ru/vendor/laravel/framework/src/Illuminate/Foundation/Http/Middleware/CheckForMaintenanceMode.php(63): Illuminate\\Pipeline\\Pipeline->Illuminate\\Pipeline\\{closure}(Object(Illuminate\\Http\\Request))
#42 /var/www/tagahanga.ru/data/www/tagahanga.ru/vendor/laravel/framework/src/Illuminate/Pipeline/Pipeline.php(171): Illuminate\\Foundation\\Http\\Middleware\\CheckForMaintenanceMode->handle(Object(Illuminate\\Http\\Request), Object(Closure))
#43 /var/www/tagahanga.ru/data/www/tagahanga.ru/vendor/laravel/framework/src/Illuminate/Pipeline/Pipeline.php(105): Illuminate\\Pipeline\\Pipeline->Illuminate\\Pipeline\\{closure}(Object(Illuminate\\Http\\Request))
#44 /var/www/tagahanga.ru/data/www/tagahanga.ru/vendor/laravel/framework/src/Illuminate/Foundation/Http/Kernel.php(147): Illuminate\\Pipeline\\Pipeline->then(Object(Closure))
#45 /var/www/tagahanga.ru/data/www/tagahanga.ru/vendor/laravel/framework/src/Illuminate/Foundation/Http/Kernel.php(112): Illuminate\\Foundation\\Http\\Kernel->sendRequestThroughRouter(Object(Illuminate\\Http\\Request))
#46 /var/www/tagahanga.ru/data/www/tagahanga.ru/index.php(53): Illuminate\\Foundation\\Http\\Kernel->handle(Object(Illuminate\\Http\\Request))
#47 {main}
"} 
[2021-04-11 17:44:28] production.ERROR: array_merge(): Expected parameter 2 to be an array, int given {"exception":"[object] (ErrorException(code: 0): array_merge(): Expected parameter 2 to be an array, int given at /var/www/tagahanga.ru/data/www/tagahanga.ru/vendor/laravel/framework/src/Illuminate/Support/ServiceProvider.php:64)
[stacktrace]
#0 [internal function]: Illuminate\\Foundation\\Bootstrap\\HandleExceptions->handleError(2, 'array_merge(): ...', '/var/www/tagaha...', 64, Array)
#1 /var/www/tagahanga.ru/data/www/tagahanga.ru/vendor/laravel/framework/src/Illuminate/Support/ServiceProvider.php(64): array_merge(Array, 1)
#2 /var/www/tagahanga.ru/data/www/tagahanga.ru/vendor/daaner/laravel-unitpay/src/UnitPayServiceProvider.php(30): Illuminate\\Support\\ServiceProvider->mergeConfigFrom('/var/www/tagaha...', 'unitpay')
#3 /var/www/tagahanga.ru/data/www/tagahanga.ru/vendor/laravel/framework/src/Illuminate/Foundation/Application.php(616): Daaner\\UnitPay\\UnitPayServiceProvider->register()
#4 /var/www/tagahanga.ru/data/www/tagahanga.ru/vendor/laravel/framework/src/Illuminate/Foundation/ProviderRepository.php(75): Illuminate\\Foundation\\Application->register(Object(Daaner\\UnitPay\\UnitPayServiceProvider))
#5 /var/www/tagahanga.ru/data/www/tagahanga.ru/vendor/laravel/framework/src/Illuminate/Foundation/Application.php(593): Illuminate\\Foundation\\ProviderRepository->load(Array)
#6 /var/www/tagahanga.ru/data/www/tagahanga.ru/vendor/laravel/framework/src/Illuminate/Foundation/Bootstrap/RegisterProviders.php(17): Illuminate\\Foundation\\Application->registerConfiguredProviders()
#7 /var/www/tagahanga.ru/data/www/tagahanga.ru/vendor/laravel/framework/src/Illuminate/Foundation/Application.php(219): Illuminate\\Foundation\\Bootstrap\\RegisterProviders->bootstrap(Object(Illuminate\\Foundation\\Application))
#8 /var/www/tagahanga.ru/data/www/tagahanga.ru/vendor/laravel/framework/src/Illuminate/Foundation/Http/Kernel.php(158): Illuminate\\Foundation\\Application->bootstrapWith(Array)
#9 /var/www/tagahanga.ru/data/www/tagahanga.ru/vendor/laravel/framework/src/Illuminate/Foundation/Http/Kernel.php(142): Illuminate\\Foundation\\Http\\Kernel->bootstrap()
#10 /var/www/tagahanga.ru/data/www/tagahanga.ru/vendor/laravel/framework/src/Illuminate/Foundation/Http/Kernel.php(112): Illuminate\\Foundation\\Http\\Kernel->sendRequestThroughRouter(Object(Illuminate\\Http\\Request))
#11 /var/www/tagahanga.ru/data/www/tagahanga.ru/index.php(53): Illuminate\\Foundation\\Http\\Kernel->handle(Object(Illuminate\\Http\\Request))
#12 {main}
"} 
