[2021-05-08 15:54:46] production.ERROR: Route [payeer] not defined. (View: /var/www/tagahanga.ru/data/www/tagahanga.ru/resources/views/profile/user-profile.blade.php) {"userId":22,"exception":"[object] (ErrorException(code: 0): Route [payeer] not defined. (View: /var/www/tagahanga.ru/data/www/tagahanga.ru/resources/views/profile/user-profile.blade.php) at /var/www/tagahanga.ru/data/www/tagahanga.ru/vendor/laravel/framework/src/Illuminate/Routing/UrlGenerator.php:420)
[stacktrace]
#0 /var/www/tagahanga.ru/data/www/tagahanga.ru/vendor/livewire/livewire/src/CompilerEngine.php(71): Illuminate\\View\\Engines\\CompilerEngine->handleViewException(Object(Symfony\\Component\\Routing\\Exception\\RouteNotFoundException), 1)
#1 /var/www/tagahanga.ru/data/www/tagahanga.ru/vendor/laravel/framework/src/Illuminate/View/Engines/PhpEngine.php(45): Livewire\\CompilerEngine->handleViewException(Object(Symfony\\Component\\Routing\\Exception\\RouteNotFoundException), 1)
#2 /var/www/tagahanga.ru/data/www/tagahanga.ru/vendor/livewire/livewire/src/LivewireViewCompilerEngine.php(36): Illuminate\\View\\Engines\\PhpEngine->evaluatePath('/var/www/tagaha...', Array)
#3 /var/www/tagahanga.ru/data/www/tagahanga.ru/vendor/laravel/framework/src/Illuminate/View/Engines/CompilerEngine.php(59): Livewire\\LivewireViewCompilerEngine->evaluatePath('/var/www/tagaha...', Array)
#4 /var/www/tagahanga.ru/data/www/tagahanga.ru/vendor/laravel/framework/src/Illuminate/View/View.php(143): Illuminate\\View\\Engines\\CompilerEngine->get('/var/www/tagaha...', Array)
#5 /var/www/tagahanga.ru/data/www/tagahanga.ru/vendor/laravel/framework/src/Illuminate/View/View.php(126): Illuminate\\View\\View->getContents()
#6 /var/www/tagahanga.ru/data/www/tagahanga.ru/vendor/laravel/framework/src/Illuminate/View/View.php(91): Illuminate\\View\\View->renderContents()
#7 /var/www/tagahanga.ru/data/www/tagahanga.ru/vendor/laravel/framework/src/Illuminate/Http/Response.php(42): Illuminate\\View\\View->render()
#8 /var/www/tagahanga.ru/data/www/tagahanga.ru/vendor/symfony/http-foundation/Response.php(205): Illuminate\\Http\\Response->setContent(Object(Illuminate\\View\\View))
#9 /var/www/tagahanga.ru/data/www/tagahanga.ru/vendor/laravel/framework/src/Illuminate/Routing/Router.php(754): Symfony\\Component\\HttpFoundation\\Response->__construct(Object(Illuminate\\View\\View), 200, Array)
#10 /var/www/tagahanga.ru/data/www/tagahanga.ru/vendor/laravel/framework/src/Illuminate/Routing/Router.php(726): Illuminate\\Routing\\Router::toResponse(Object(Illuminate\\Http\\Request), Object(Illuminate\\View\\View))
#11 /var/www/tagahanga.ru/data/www/tagahanga.ru/vendor/laravel/framework/src/Illuminate/Routing/Router.php(686): Illuminate\\Routing\\Router->prepareResponse(Object(Illuminate\\Http\\Request), Object(Illuminate\\View\\View))
#12 /var/www/tagahanga.ru/data/www/tagahanga.ru/vendor/laravel/framework/src/Illuminate/Pipeline/Pipeline.php(130): Illuminate\\Routing\\Router->Illuminate\\Routing\\{closure}(Object(Illuminate\\Http\\Request))
#13 /var/www/tagahanga.ru/data/www/tagahanga.ru/app/Http/Middleware/UserLastAuthMiddleware.php(59): Illuminate\\Pipeline\\Pipeline->Illuminate\\Pipeline\\{closure}(Object(Illuminate\\Http\\Request))
#14 /var/www/tagahanga.ru/data/www/tagahanga.ru/vendor/laravel/framework/src/Illuminate/Pipeline/Pipeline.php(171): App\\Http\\Middleware\\UserLastAuthMiddleware->handle(Object(Illuminate\\Http\\Request), Object(Closure))
#15 /var/www/tagahanga.ru/data/www/tagahanga.ru/vendor/uxweb/sweet-alert/src/SweetAlert/ConvertMessagesIntoSweetAlert.php(49): Illuminate\\Pipeline\\Pipeline->Illuminate\\Pipeline\\{closure}(Object(Illuminate\\Http\\Request))
#16 /var/www/tagahanga.ru/data/www/tagahanga.ru/vendor/laravel/framework/src/Illuminate/Pipeline/Pipeline.php(171): UxWeb\\SweetAlert\\ConvertMessagesIntoSweetAlert->handle(Object(Illuminate\\Http\\Request), Object(Closure))
#17 /var/www/tagahanga.ru/data/www/tagahanga.ru/vendor/laravel/framework/src/Illuminate/Routing/Middleware/SubstituteBindings.php(41): Illuminate\\Pipeline\\Pipeline->Illuminate\\Pipeline\\{closure}(Object(Illuminate\\Http\\Request))
#18 /var/www/tagahanga.ru/data/www/tagahanga.ru/vendor/laravel/framework/src/Illuminate/Pipeline/Pipeline.php(171): Illuminate\\Routing\\Middleware\\SubstituteBindings->handle(Object(Illuminate\\Http\\Request), Object(Closure))
#19 /var/www/tagahanga.ru/data/www/tagahanga.ru/vendor/laravel/framework/src/Illuminate/Foundation/Http/Middleware/VerifyCsrfToken.php(77): Illuminate\\Pipeline\\Pipeline->Illuminate\\Pipeline\\{closure}(Object(Illuminate\\Http\\Request))
#20 /var/www/tagahanga.ru/data/www/tagahanga.ru/vendor/laravel/framework/src/Illuminate/Pipeline/Pipeline.php(171): Illuminate\\Foundation\\Http\\Middleware\\VerifyCsrfToken->handle(Object(Illuminate\\Http\\Request), Object(Closure))
#21 /var/www/tagahanga.ru/data/www/tagahanga.ru/vendor/laravel/framework/src/Illuminate/View/Middleware/ShareErrorsFromSession.php(49): Illuminate\\Pipeline\\Pipeline->Illuminate\\Pipeline\\{closure}(Object(Illuminate\\Http\\Request))
#22 /var/www/tagahanga.ru/data/www/tagahanga.ru/vendor/laravel/framework/src/Illuminate/Pipeline/Pipeline.php(171): Illuminate\\View\\Middleware\\ShareErrorsFromSession->handle(Object(Illuminate\\Http\\Request), Object(Closure))
#23 /var/www/tagahanga.ru/data/www/tagahanga.ru/vendor/laravel/framework/src/Illuminate/Session/Middleware/StartSession.php(56): Illuminate\\Pipeline\\Pipeline->Illuminate\\Pipeline\\{closure}(Object(Illuminate\\Http\\Request))
#24 /var/www/tagahanga.ru/data/www/tagahanga.ru/vendor/laravel/framework/src/Illuminate/Pipeline/Pipeline.php(171): Illuminate\\Session\\Middleware\\StartSession->handle(Object(Illuminate\\Http\\Request), Object(Closure))
#25 /var/www/tagahanga.ru/data/www/tagahanga.ru/vendor/laravel/framework/src/Illuminate/Cookie/Middleware/AddQueuedCookiesToResponse.php(37): Illuminate\\Pipeline\\Pipeline->Illuminate\\Pipeline\\{closure}(Object(Illuminate\\Http\\Request))
#26 /var/www/tagahanga.ru/data/www/tagahanga.ru/vendor/laravel/framework/src/Illuminate/Pipeline/Pipeline.php(171): Illuminate\\Cookie\\Middleware\\AddQueuedCookiesToResponse->handle(Object(Illuminate\\Http\\Request), Object(Closure))
#27 /var/www/tagahanga.ru/data/www/tagahanga.ru/vendor/laravel/framework/src/Illuminate/Cookie/Middleware/EncryptCookies.php(67): Illuminate\\Pipeline\\Pipeline->Illuminate\\Pipeline\\{closure}(Object(Illuminate\\Http\\Request))
#28 /var/www/tagahanga.ru/data/www/tagahanga.ru/vendor/laravel/framework/src/Illuminate/Pipeline/Pipeline.php(171): Illuminate\\Cookie\\Middleware\\EncryptCookies->handle(Object(Illuminate\\Http\\Request), Object(Closure))
#29 /var/www/tagahanga.ru/data/www/tagahanga.ru/vendor/laravel/framework/src/Illuminate/Pipeline/Pipeline.php(105): Illuminate\\Pipeline\\Pipeline->Illuminate\\Pipeline\\{closure}(Object(Illuminate\\Http\\Request))
#30 /var/www/tagahanga.ru/data/www/tagahanga.ru/vendor/laravel/framework/src/Illuminate/Routing/Router.php(688): Illuminate\\Pipeline\\Pipeline->then(Object(Closure))
#31 /var/www/tagahanga.ru/data/www/tagahanga.ru/vendor/laravel/framework/src/Illuminate/Routing/Router.php(663): Illuminate\\Routing\\Router->runRouteWithinStack(Object(Illuminate\\Routing\\Route), Object(Illuminate\\Http\\Request))
#32 /var/www/tagahanga.ru/data/www/tagahanga.ru/vendor/laravel/framework/src/Illuminate/Routing/Router.php(629): Illuminate\\Routing\\Router->runRoute(Object(Illuminate\\Http\\Request), Object(Illuminate\\Routing\\Route))
#33 /var/www/tagahanga.ru/data/www/tagahanga.ru/vendor/laravel/framework/src/Illuminate/Routing/Router.php(618): Illuminate\\Routing\\Router->dispatchToRoute(Object(Illuminate\\Http\\Request))
#34 /var/www/tagahanga.ru/data/www/tagahanga.ru/vendor/laravel/framework/src/Illuminate/Foundation/Http/Kernel.php(172): Illuminate\\Routing\\Router->dispatch(Object(Illuminate\\Http\\Request))
#35 /var/www/tagahanga.ru/data/www/tagahanga.ru/vendor/laravel/framework/src/Illuminate/Pipeline/Pipeline.php(130): Illuminate\\Foundation\\Http\\Kernel->Illuminate\\Foundation\\Http\\{closure}(Object(Illuminate\\Http\\Request))
#36 /var/www/tagahanga.ru/data/www/tagahanga.ru/vendor/fideloper/proxy/src/TrustProxies.php(57): Illuminate\\Pipeline\\Pipeline->Illuminate\\Pipeline\\{closure}(Object(Illuminate\\Http\\Request))
#37 /var/www/tagahanga.ru/data/www/tagahanga.ru/vendor/laravel/framework/src/Illuminate/Pipeline/Pipeline.php(171): Fideloper\\Proxy\\TrustProxies->handle(Object(Illuminate\\Http\\Request), Object(Closure))
#38 /var/www/tagahanga.ru/data/www/tagahanga.ru/vendor/laravel/framework/src/Illuminate/Foundation/Http/Middleware/TransformsRequest.php(21): Illuminate\\Pipeline\\Pipeline->Illuminate\\Pipeline\\{closure}(Object(Illuminate\\Http\\Request))
#39 /var/www/tagahanga.ru/data/www/tagahanga.ru/vendor/laravel/framework/src/Illuminate/Pipeline/Pipeline.php(171): Illuminate\\Foundation\\Http\\Middleware\\TransformsRequest->handle(Object(Illuminate\\Http\\Request), Object(Closure))
#40 /var/www/tagahanga.ru/data/www/tagahanga.ru/vendor/laravel/framework/src/Illuminate/Foundation/Http/Middleware/TransformsRequest.php(21): Illuminate\\Pipeline\\Pipeline->Illuminate\\Pipeline\\{closure}(Object(Illuminate\\Http\\Request))
#41 /var/www/tagahanga.ru/data/www/tagahanga.ru/vendor/laravel/framework/src/Illuminate/Pipeline/Pipeline.php(171): Illuminate\\Foundation\\Http\\Middleware\\TransformsRequest->handle(Object(Illuminate\\Http\\Request), Object(Closure))
#42 /var/www/tagahanga.ru/data/www/tagahanga.ru/vendor/laravel/framework/src/Illuminate/Foundation/Http/Middleware/ValidatePostSize.php(27): Illuminate\\Pipeline\\Pipeline->Illuminate\\Pipeline\\{closure}(Object(Illuminate\\Http\\Request))
#43 /var/www/tagahanga.ru/data/www/tagahanga.ru/vendor/laravel/framework/src/Illuminate/Pipeline/Pipeline.php(171): Illuminate\\Foundation\\Http\\Middleware\\ValidatePostSize->handle(Object(Illuminate\\Http\\Request), Object(Closure))
#44 /var/www/tagahanga.ru/data/www/tagahanga.ru/vendor/laravel/framework/src/Illuminate/Foundation/Http/Middleware/CheckForMaintenanceMode.php(63): Illuminate\\Pipeline\\Pipeline->Illuminate\\Pipeline\\{closure}(Object(Illuminate\\Http\\Request))
#45 /var/www/tagahanga.ru/data/www/tagahanga.ru/vendor/laravel/framework/src/Illuminate/Pipeline/Pipeline.php(171): Illuminate\\Foundation\\Http\\Middleware\\CheckForMaintenanceMode->handle(Object(Illuminate\\Http\\Request), Object(Closure))
#46 /var/www/tagahanga.ru/data/www/tagahanga.ru/vendor/laravel/framework/src/Illuminate/Pipeline/Pipeline.php(105): Illuminate\\Pipeline\\Pipeline->Illuminate\\Pipeline\\{closure}(Object(Illuminate\\Http\\Request))
#47 /var/www/tagahanga.ru/data/www/tagahanga.ru/vendor/laravel/framework/src/Illuminate/Foundation/Http/Kernel.php(147): Illuminate\\Pipeline\\Pipeline->then(Object(Closure))
#48 /var/www/tagahanga.ru/data/www/tagahanga.ru/vendor/laravel/framework/src/Illuminate/Foundation/Http/Kernel.php(112): Illuminate\\Foundation\\Http\\Kernel->sendRequestThroughRouter(Object(Illuminate\\Http\\Request))
#49 /var/www/tagahanga.ru/data/www/tagahanga.ru/index.php(53): Illuminate\\Foundation\\Http\\Kernel->handle(Object(Illuminate\\Http\\Request))
#50 {main}

[previous exception] [object] (Symfony\\Component\\Routing\\Exception\\RouteNotFoundException(code: 0): Route [payeer] not defined. at /var/www/tagahanga.ru/data/www/tagahanga.ru/vendor/laravel/framework/src/Illuminate/Routing/UrlGenerator.php:420)
[stacktrace]
#0 /var/www/tagahanga.ru/data/www/tagahanga.ru/vendor/laravel/framework/src/Illuminate/Foundation/helpers.php(777): Illuminate\\Routing\\UrlGenerator->route('payeer', Array, true)
#1 /var/www/tagahanga.ru/data/www/tagahanga.ru/storage/framework/views/d7d72b02c398813e3079ec7e8c17e2da89dc915e.php(137): route('payeer', Array)
#2 /var/www/tagahanga.ru/data/www/tagahanga.ru/vendor/laravel/framework/src/Illuminate/View/Engines/PhpEngine.php(43): include('/var/www/tagaha...')
#3 /var/www/tagahanga.ru/data/www/tagahanga.ru/vendor/livewire/livewire/src/LivewireViewCompilerEngine.php(36): Illuminate\\View\\Engines\\PhpEngine->evaluatePath('/var/www/tagaha...', Array)
#4 /var/www/tagahanga.ru/data/www/tagahanga.ru/vendor/laravel/framework/src/Illuminate/View/Engines/CompilerEngine.php(59): Livewire\\LivewireViewCompilerEngine->evaluatePath('/var/www/tagaha...', Array)
#5 /var/www/tagahanga.ru/data/www/tagahanga.ru/vendor/laravel/framework/src/Illuminate/View/View.php(143): Illuminate\\View\\Engines\\CompilerEngine->get('/var/www/tagaha...', Array)
#6 /var/www/tagahanga.ru/data/www/tagahanga.ru/vendor/laravel/framework/src/Illuminate/View/View.php(126): Illuminate\\View\\View->getContents()
#7 /var/www/tagahanga.ru/data/www/tagahanga.ru/vendor/laravel/framework/src/Illuminate/View/View.php(91): Illuminate\\View\\View->renderContents()
#8 /var/www/tagahanga.ru/data/www/tagahanga.ru/vendor/laravel/framework/src/Illuminate/Http/Response.php(42): Illuminate\\View\\View->render()
#9 /var/www/tagahanga.ru/data/www/tagahanga.ru/vendor/symfony/http-foundation/Response.php(205): Illuminate\\Http\\Response->setContent(Object(Illuminate\\View\\View))
#10 /var/www/tagahanga.ru/data/www/tagahanga.ru/vendor/laravel/framework/src/Illuminate/Routing/Router.php(754): Symfony\\Component\\HttpFoundation\\Response->__construct(Object(Illuminate\\View\\View), 200, Array)
#11 /var/www/tagahanga.ru/data/www/tagahanga.ru/vendor/laravel/framework/src/Illuminate/Routing/Router.php(726): Illuminate\\Routing\\Router::toResponse(Object(Illuminate\\Http\\Request), Object(Illuminate\\View\\View))
#12 /var/www/tagahanga.ru/data/www/tagahanga.ru/vendor/laravel/framework/src/Illuminate/Routing/Router.php(686): Illuminate\\Routing\\Router->prepareResponse(Object(Illuminate\\Http\\Request), Object(Illuminate\\View\\View))
#13 /var/www/tagahanga.ru/data/www/tagahanga.ru/vendor/laravel/framework/src/Illuminate/Pipeline/Pipeline.php(130): Illuminate\\Routing\\Router->Illuminate\\Routing\\{closure}(Object(Illuminate\\Http\\Request))
#14 /var/www/tagahanga.ru/data/www/tagahanga.ru/app/Http/Middleware/UserLastAuthMiddleware.php(59): Illuminate\\Pipeline\\Pipeline->Illuminate\\Pipeline\\{closure}(Object(Illuminate\\Http\\Request))
#15 /var/www/tagahanga.ru/data/www/tagahanga.ru/vendor/laravel/framework/src/Illuminate/Pipeline/Pipeline.php(171): App\\Http\\Middleware\\UserLastAuthMiddleware->handle(Object(Illuminate\\Http\\Request), Object(Closure))
#16 /var/www/tagahanga.ru/data/www/tagahanga.ru/vendor/uxweb/sweet-alert/src/SweetAlert/ConvertMessagesIntoSweetAlert.php(49): Illuminate\\Pipeline\\Pipeline->Illuminate\\Pipeline\\{closure}(Object(Illuminate\\Http\\Request))
#17 /var/www/tagahanga.ru/data/www/tagahanga.ru/vendor/laravel/framework/src/Illuminate/Pipeline/Pipeline.php(171): UxWeb\\SweetAlert\\ConvertMessagesIntoSweetAlert->handle(Object(Illuminate\\Http\\Request), Object(Closure))
#18 /var/www/tagahanga.ru/data/www/tagahanga.ru/vendor/laravel/framework/src/Illuminate/Routing/Middleware/SubstituteBindings.php(41): Illuminate\\Pipeline\\Pipeline->Illuminate\\Pipeline\\{closure}(Object(Illuminate\\Http\\Request))
#19 /var/www/tagahanga.ru/data/www/tagahanga.ru/vendor/laravel/framework/src/Illuminate/Pipeline/Pipeline.php(171): Illuminate\\Routing\\Middleware\\SubstituteBindings->handle(Object(Illuminate\\Http\\Request), Object(Closure))
#20 /var/www/tagahanga.ru/data/www/tagahanga.ru/vendor/laravel/framework/src/Illuminate/Foundation/Http/Middleware/VerifyCsrfToken.php(77): Illuminate\\Pipeline\\Pipeline->Illuminate\\Pipeline\\{closure}(Object(Illuminate\\Http\\Request))
#21 /var/www/tagahanga.ru/data/www/tagahanga.ru/vendor/laravel/framework/src/Illuminate/Pipeline/Pipeline.php(171): Illuminate\\Foundation\\Http\\Middleware\\VerifyCsrfToken->handle(Object(Illuminate\\Http\\Request), Object(Closure))
#22 /var/www/tagahanga.ru/data/www/tagahanga.ru/vendor/laravel/framework/src/Illuminate/View/Middleware/ShareErrorsFromSession.php(49): Illuminate\\Pipeline\\Pipeline->Illuminate\\Pipeline\\{closure}(Object(Illuminate\\Http\\Request))
#23 /var/www/tagahanga.ru/data/www/tagahanga.ru/vendor/laravel/framework/src/Illuminate/Pipeline/Pipeline.php(171): Illuminate\\View\\Middleware\\ShareErrorsFromSession->handle(Object(Illuminate\\Http\\Request), Object(Closure))
#24 /var/www/tagahanga.ru/data/www/tagahanga.ru/vendor/laravel/framework/src/Illuminate/Session/Middleware/StartSession.php(56): Illuminate\\Pipeline\\Pipeline->Illuminate\\Pipeline\\{closure}(Object(Illuminate\\Http\\Request))
#25 /var/www/tagahanga.ru/data/www/tagahanga.ru/vendor/laravel/framework/src/Illuminate/Pipeline/Pipeline.php(171): Illuminate\\Session\\Middleware\\StartSession->handle(Object(Illuminate\\Http\\Request), Object(Closure))
#26 /var/www/tagahanga.ru/data/www/tagahanga.ru/vendor/laravel/framework/src/Illuminate/Cookie/Middleware/AddQueuedCookiesToResponse.php(37): Illuminate\\Pipeline\\Pipeline->Illuminate\\Pipeline\\{closure}(Object(Illuminate\\Http\\Request))
#27 /var/www/tagahanga.ru/data/www/tagahanga.ru/vendor/laravel/framework/src/Illuminate/Pipeline/Pipeline.php(171): Illuminate\\Cookie\\Middleware\\AddQueuedCookiesToResponse->handle(Object(Illuminate\\Http\\Request), Object(Closure))
#28 /var/www/tagahanga.ru/data/www/tagahanga.ru/vendor/laravel/framework/src/Illuminate/Cookie/Middleware/EncryptCookies.php(67): Illuminate\\Pipeline\\Pipeline->Illuminate\\Pipeline\\{closure}(Object(Illuminate\\Http\\Request))
#29 /var/www/tagahanga.ru/data/www/tagahanga.ru/vendor/laravel/framework/src/Illuminate/Pipeline/Pipeline.php(171): Illuminate\\Cookie\\Middleware\\EncryptCookies->handle(Object(Illuminate\\Http\\Request), Object(Closure))
#30 /var/www/tagahanga.ru/data/www/tagahanga.ru/vendor/laravel/framework/src/Illuminate/Pipeline/Pipeline.php(105): Illuminate\\Pipeline\\Pipeline->Illuminate\\Pipeline\\{closure}(Object(Illuminate\\Http\\Request))
#31 /var/www/tagahanga.ru/data/www/tagahanga.ru/vendor/laravel/framework/src/Illuminate/Routing/Router.php(688): Illuminate\\Pipeline\\Pipeline->then(Object(Closure))
#32 /var/www/tagahanga.ru/data/www/tagahanga.ru/vendor/laravel/framework/src/Illuminate/Routing/Router.php(663): Illuminate\\Routing\\Router->runRouteWithinStack(Object(Illuminate\\Routing\\Route), Object(Illuminate\\Http\\Request))
#33 /var/www/tagahanga.ru/data/www/tagahanga.ru/vendor/laravel/framework/src/Illuminate/Routing/Router.php(629): Illuminate\\Routing\\Router->runRoute(Object(Illuminate\\Http\\Request), Object(Illuminate\\Routing\\Route))
#34 /var/www/tagahanga.ru/data/www/tagahanga.ru/vendor/laravel/framework/src/Illuminate/Routing/Router.php(618): Illuminate\\Routing\\Router->dispatchToRoute(Object(Illuminate\\Http\\Request))
#35 /var/www/tagahanga.ru/data/www/tagahanga.ru/vendor/laravel/framework/src/Illuminate/Foundation/Http/Kernel.php(172): Illuminate\\Routing\\Router->dispatch(Object(Illuminate\\Http\\Request))
#36 /var/www/tagahanga.ru/data/www/tagahanga.ru/vendor/laravel/framework/src/Illuminate/Pipeline/Pipeline.php(130): Illuminate\\Foundation\\Http\\Kernel->Illuminate\\Foundation\\Http\\{closure}(Object(Illuminate\\Http\\Request))
#37 /var/www/tagahanga.ru/data/www/tagahanga.ru/vendor/fideloper/proxy/src/TrustProxies.php(57): Illuminate\\Pipeline\\Pipeline->Illuminate\\Pipeline\\{closure}(Object(Illuminate\\Http\\Request))
#38 /var/www/tagahanga.ru/data/www/tagahanga.ru/vendor/laravel/framework/src/Illuminate/Pipeline/Pipeline.php(171): Fideloper\\Proxy\\TrustProxies->handle(Object(Illuminate\\Http\\Request), Object(Closure))
#39 /var/www/tagahanga.ru/data/www/tagahanga.ru/vendor/laravel/framework/src/Illuminate/Foundation/Http/Middleware/TransformsRequest.php(21): Illuminate\\Pipeline\\Pipeline->Illuminate\\Pipeline\\{closure}(Object(Illuminate\\Http\\Request))
#40 /var/www/tagahanga.ru/data/www/tagahanga.ru/vendor/laravel/framework/src/Illuminate/Pipeline/Pipeline.php(171): Illuminate\\Foundation\\Http\\Middleware\\TransformsRequest->handle(Object(Illuminate\\Http\\Request), Object(Closure))
#41 /var/www/tagahanga.ru/data/www/tagahanga.ru/vendor/laravel/framework/src/Illuminate/Foundation/Http/Middleware/TransformsRequest.php(21): Illuminate\\Pipeline\\Pipeline->Illuminate\\Pipeline\\{closure}(Object(Illuminate\\Http\\Request))
#42 /var/www/tagahanga.ru/data/www/tagahanga.ru/vendor/laravel/framework/src/Illuminate/Pipeline/Pipeline.php(171): Illuminate\\Foundation\\Http\\Middleware\\TransformsRequest->handle(Object(Illuminate\\Http\\Request), Object(Closure))
#43 /var/www/tagahanga.ru/data/www/tagahanga.ru/vendor/laravel/framework/src/Illuminate/Foundation/Http/Middleware/ValidatePostSize.php(27): Illuminate\\Pipeline\\Pipeline->Illuminate\\Pipeline\\{closure}(Object(Illuminate\\Http\\Request))
#44 /var/www/tagahanga.ru/data/www/tagahanga.ru/vendor/laravel/framework/src/Illuminate/Pipeline/Pipeline.php(171): Illuminate\\Foundation\\Http\\Middleware\\ValidatePostSize->handle(Object(Illuminate\\Http\\Request), Object(Closure))
#45 /var/www/tagahanga.ru/data/www/tagahanga.ru/vendor/laravel/framework/src/Illuminate/Foundation/Http/Middleware/CheckForMaintenanceMode.php(63): Illuminate\\Pipeline\\Pipeline->Illuminate\\Pipeline\\{closure}(Object(Illuminate\\Http\\Request))
#46 /var/www/tagahanga.ru/data/www/tagahanga.ru/vendor/laravel/framework/src/Illuminate/Pipeline/Pipeline.php(171): Illuminate\\Foundation\\Http\\Middleware\\CheckForMaintenanceMode->handle(Object(Illuminate\\Http\\Request), Object(Closure))
#47 /var/www/tagahanga.ru/data/www/tagahanga.ru/vendor/laravel/framework/src/Illuminate/Pipeline/Pipeline.php(105): Illuminate\\Pipeline\\Pipeline->Illuminate\\Pipeline\\{closure}(Object(Illuminate\\Http\\Request))
#48 /var/www/tagahanga.ru/data/www/tagahanga.ru/vendor/laravel/framework/src/Illuminate/Foundation/Http/Kernel.php(147): Illuminate\\Pipeline\\Pipeline->then(Object(Closure))
#49 /var/www/tagahanga.ru/data/www/tagahanga.ru/vendor/laravel/framework/src/Illuminate/Foundation/Http/Kernel.php(112): Illuminate\\Foundation\\Http\\Kernel->sendRequestThroughRouter(Object(Illuminate\\Http\\Request))
#50 /var/www/tagahanga.ru/data/www/tagahanga.ru/index.php(53): Illuminate\\Foundation\\Http\\Kernel->handle(Object(Illuminate\\Http\\Request))
#51 {main}
"} 
[2021-05-08 15:54:54] production.ERROR: Route [payeer] not defined. (View: /var/www/tagahanga.ru/data/www/tagahanga.ru/resources/views/profile/user-profile.blade.php) {"userId":22,"exception":"[object] (ErrorException(code: 0): Route [payeer] not defined. (View: /var/www/tagahanga.ru/data/www/tagahanga.ru/resources/views/profile/user-profile.blade.php) at /var/www/tagahanga.ru/data/www/tagahanga.ru/vendor/laravel/framework/src/Illuminate/Routing/UrlGenerator.php:420)
[stacktrace]
#0 /var/www/tagahanga.ru/data/www/tagahanga.ru/vendor/livewire/livewire/src/CompilerEngine.php(71): Illuminate\\View\\Engines\\CompilerEngine->handleViewException(Object(Symfony\\Component\\Routing\\Exception\\RouteNotFoundException), 1)
#1 /var/www/tagahanga.ru/data/www/tagahanga.ru/vendor/laravel/framework/src/Illuminate/View/Engines/PhpEngine.php(45): Livewire\\CompilerEngine->handleViewException(Object(Symfony\\Component\\Routing\\Exception\\RouteNotFoundException), 1)
#2 /var/www/tagahanga.ru/data/www/tagahanga.ru/vendor/livewire/livewire/src/LivewireViewCompilerEngine.php(36): Illuminate\\View\\Engines\\PhpEngine->evaluatePath('/var/www/tagaha...', Array)
#3 /var/www/tagahanga.ru/data/www/tagahanga.ru/vendor/laravel/framework/src/Illuminate/View/Engines/CompilerEngine.php(59): Livewire\\LivewireViewCompilerEngine->evaluatePath('/var/www/tagaha...', Array)
#4 /var/www/tagahanga.ru/data/www/tagahanga.ru/vendor/laravel/framework/src/Illuminate/View/View.php(143): Illuminate\\View\\Engines\\CompilerEngine->get('/var/www/tagaha...', Array)
#5 /var/www/tagahanga.ru/data/www/tagahanga.ru/vendor/laravel/framework/src/Illuminate/View/View.php(126): Illuminate\\View\\View->getContents()
#6 /var/www/tagahanga.ru/data/www/tagahanga.ru/vendor/laravel/framework/src/Illuminate/View/View.php(91): Illuminate\\View\\View->renderContents()
#7 /var/www/tagahanga.ru/data/www/tagahanga.ru/vendor/laravel/framework/src/Illuminate/Http/Response.php(42): Illuminate\\View\\View->render()
#8 /var/www/tagahanga.ru/data/www/tagahanga.ru/vendor/symfony/http-foundation/Response.php(205): Illuminate\\Http\\Response->setContent(Object(Illuminate\\View\\View))
#9 /var/www/tagahanga.ru/data/www/tagahanga.ru/vendor/laravel/framework/src/Illuminate/Routing/Router.php(754): Symfony\\Component\\HttpFoundation\\Response->__construct(Object(Illuminate\\View\\View), 200, Array)
#10 /var/www/tagahanga.ru/data/www/tagahanga.ru/vendor/laravel/framework/src/Illuminate/Routing/Router.php(726): Illuminate\\Routing\\Router::toResponse(Object(Illuminate\\Http\\Request), Object(Illuminate\\View\\View))
#11 /var/www/tagahanga.ru/data/www/tagahanga.ru/vendor/laravel/framework/src/Illuminate/Routing/Router.php(686): Illuminate\\Routing\\Router->prepareResponse(Object(Illuminate\\Http\\Request), Object(Illuminate\\View\\View))
#12 /var/www/tagahanga.ru/data/www/tagahanga.ru/vendor/laravel/framework/src/Illuminate/Pipeline/Pipeline.php(130): Illuminate\\Routing\\Router->Illuminate\\Routing\\{closure}(Object(Illuminate\\Http\\Request))
#13 /var/www/tagahanga.ru/data/www/tagahanga.ru/app/Http/Middleware/UserLastAuthMiddleware.php(59): Illuminate\\Pipeline\\Pipeline->Illuminate\\Pipeline\\{closure}(Object(Illuminate\\Http\\Request))
#14 /var/www/tagahanga.ru/data/www/tagahanga.ru/vendor/laravel/framework/src/Illuminate/Pipeline/Pipeline.php(171): App\\Http\\Middleware\\UserLastAuthMiddleware->handle(Object(Illuminate\\Http\\Request), Object(Closure))
#15 /var/www/tagahanga.ru/data/www/tagahanga.ru/vendor/uxweb/sweet-alert/src/SweetAlert/ConvertMessagesIntoSweetAlert.php(49): Illuminate\\Pipeline\\Pipeline->Illuminate\\Pipeline\\{closure}(Object(Illuminate\\Http\\Request))
#16 /var/www/tagahanga.ru/data/www/tagahanga.ru/vendor/laravel/framework/src/Illuminate/Pipeline/Pipeline.php(171): UxWeb\\SweetAlert\\ConvertMessagesIntoSweetAlert->handle(Object(Illuminate\\Http\\Request), Object(Closure))
#17 /var/www/tagahanga.ru/data/www/tagahanga.ru/vendor/laravel/framework/src/Illuminate/Routing/Middleware/SubstituteBindings.php(41): Illuminate\\Pipeline\\Pipeline->Illuminate\\Pipeline\\{closure}(Object(Illuminate\\Http\\Request))
#18 /var/www/tagahanga.ru/data/www/tagahanga.ru/vendor/laravel/framework/src/Illuminate/Pipeline/Pipeline.php(171): Illuminate\\Routing\\Middleware\\SubstituteBindings->handle(Object(Illuminate\\Http\\Request), Object(Closure))
#19 /var/www/tagahanga.ru/data/www/tagahanga.ru/vendor/laravel/framework/src/Illuminate/Foundation/Http/Middleware/VerifyCsrfToken.php(77): Illuminate\\Pipeline\\Pipeline->Illuminate\\Pipeline\\{closure}(Object(Illuminate\\Http\\Request))
#20 /var/www/tagahanga.ru/data/www/tagahanga.ru/vendor/laravel/framework/src/Illuminate/Pipeline/Pipeline.php(171): Illuminate\\Foundation\\Http\\Middleware\\VerifyCsrfToken->handle(Object(Illuminate\\Http\\Request), Object(Closure))
#21 /var/www/tagahanga.ru/data/www/tagahanga.ru/vendor/laravel/framework/src/Illuminate/View/Middleware/ShareErrorsFromSession.php(49): Illuminate\\Pipeline\\Pipeline->Illuminate\\Pipeline\\{closure}(Object(Illuminate\\Http\\Request))
#22 /var/www/tagahanga.ru/data/www/tagahanga.ru/vendor/laravel/framework/src/Illuminate/Pipeline/Pipeline.php(171): Illuminate\\View\\Middleware\\ShareErrorsFromSession->handle(Object(Illuminate\\Http\\Request), Object(Closure))
#23 /var/www/tagahanga.ru/data/www/tagahanga.ru/vendor/laravel/framework/src/Illuminate/Session/Middleware/StartSession.php(56): Illuminate\\Pipeline\\Pipeline->Illuminate\\Pipeline\\{closure}(Object(Illuminate\\Http\\Request))
#24 /var/www/tagahanga.ru/data/www/tagahanga.ru/vendor/laravel/framework/src/Illuminate/Pipeline/Pipeline.php(171): Illuminate\\Session\\Middleware\\StartSession->handle(Object(Illuminate\\Http\\Request), Object(Closure))
#25 /var/www/tagahanga.ru/data/www/tagahanga.ru/vendor/laravel/framework/src/Illuminate/Cookie/Middleware/AddQueuedCookiesToResponse.php(37): Illuminate\\Pipeline\\Pipeline->Illuminate\\Pipeline\\{closure}(Object(Illuminate\\Http\\Request))
#26 /var/www/tagahanga.ru/data/www/tagahanga.ru/vendor/laravel/framework/src/Illuminate/Pipeline/Pipeline.php(171): Illuminate\\Cookie\\Middleware\\AddQueuedCookiesToResponse->handle(Object(Illuminate\\Http\\Request), Object(Closure))
#27 /var/www/tagahanga.ru/data/www/tagahanga.ru/vendor/laravel/framework/src/Illuminate/Cookie/Middleware/EncryptCookies.php(67): Illuminate\\Pipeline\\Pipeline->Illuminate\\Pipeline\\{closure}(Object(Illuminate\\Http\\Request))
#28 /var/www/tagahanga.ru/data/www/tagahanga.ru/vendor/laravel/framework/src/Illuminate/Pipeline/Pipeline.php(171): Illuminate\\Cookie\\Middleware\\EncryptCookies->handle(Object(Illuminate\\Http\\Request), Object(Closure))
#29 /var/www/tagahanga.ru/data/www/tagahanga.ru/vendor/laravel/framework/src/Illuminate/Pipeline/Pipeline.php(105): Illuminate\\Pipeline\\Pipeline->Illuminate\\Pipeline\\{closure}(Object(Illuminate\\Http\\Request))
#30 /var/www/tagahanga.ru/data/www/tagahanga.ru/vendor/laravel/framework/src/Illuminate/Routing/Router.php(688): Illuminate\\Pipeline\\Pipeline->then(Object(Closure))
#31 /var/www/tagahanga.ru/data/www/tagahanga.ru/vendor/laravel/framework/src/Illuminate/Routing/Router.php(663): Illuminate\\Routing\\Router->runRouteWithinStack(Object(Illuminate\\Routing\\Route), Object(Illuminate\\Http\\Request))
#32 /var/www/tagahanga.ru/data/www/tagahanga.ru/vendor/laravel/framework/src/Illuminate/Routing/Router.php(629): Illuminate\\Routing\\Router->runRoute(Object(Illuminate\\Http\\Request), Object(Illuminate\\Routing\\Route))
#33 /var/www/tagahanga.ru/data/www/tagahanga.ru/vendor/laravel/framework/src/Illuminate/Routing/Router.php(618): Illuminate\\Routing\\Router->dispatchToRoute(Object(Illuminate\\Http\\Request))
#34 /var/www/tagahanga.ru/data/www/tagahanga.ru/vendor/laravel/framework/src/Illuminate/Foundation/Http/Kernel.php(172): Illuminate\\Routing\\Router->dispatch(Object(Illuminate\\Http\\Request))
#35 /var/www/tagahanga.ru/data/www/tagahanga.ru/vendor/laravel/framework/src/Illuminate/Pipeline/Pipeline.php(130): Illuminate\\Foundation\\Http\\Kernel->Illuminate\\Foundation\\Http\\{closure}(Object(Illuminate\\Http\\Request))
#36 /var/www/tagahanga.ru/data/www/tagahanga.ru/vendor/fideloper/proxy/src/TrustProxies.php(57): Illuminate\\Pipeline\\Pipeline->Illuminate\\Pipeline\\{closure}(Object(Illuminate\\Http\\Request))
#37 /var/www/tagahanga.ru/data/www/tagahanga.ru/vendor/laravel/framework/src/Illuminate/Pipeline/Pipeline.php(171): Fideloper\\Proxy\\TrustProxies->handle(Object(Illuminate\\Http\\Request), Object(Closure))
#38 /var/www/tagahanga.ru/data/www/tagahanga.ru/vendor/laravel/framework/src/Illuminate/Foundation/Http/Middleware/TransformsRequest.php(21): Illuminate\\Pipeline\\Pipeline->Illuminate\\Pipeline\\{closure}(Object(Illuminate\\Http\\Request))
#39 /var/www/tagahanga.ru/data/www/tagahanga.ru/vendor/laravel/framework/src/Illuminate/Pipeline/Pipeline.php(171): Illuminate\\Foundation\\Http\\Middleware\\TransformsRequest->handle(Object(Illuminate\\Http\\Request), Object(Closure))
#40 /var/www/tagahanga.ru/data/www/tagahanga.ru/vendor/laravel/framework/src/Illuminate/Foundation/Http/Middleware/TransformsRequest.php(21): Illuminate\\Pipeline\\Pipeline->Illuminate\\Pipeline\\{closure}(Object(Illuminate\\Http\\Request))
#41 /var/www/tagahanga.ru/data/www/tagahanga.ru/vendor/laravel/framework/src/Illuminate/Pipeline/Pipeline.php(171): Illuminate\\Foundation\\Http\\Middleware\\TransformsRequest->handle(Object(Illuminate\\Http\\Request), Object(Closure))
#42 /var/www/tagahanga.ru/data/www/tagahanga.ru/vendor/laravel/framework/src/Illuminate/Foundation/Http/Middleware/ValidatePostSize.php(27): Illuminate\\Pipeline\\Pipeline->Illuminate\\Pipeline\\{closure}(Object(Illuminate\\Http\\Request))
#43 /var/www/tagahanga.ru/data/www/tagahanga.ru/vendor/laravel/framework/src/Illuminate/Pipeline/Pipeline.php(171): Illuminate\\Foundation\\Http\\Middleware\\ValidatePostSize->handle(Object(Illuminate\\Http\\Request), Object(Closure))
#44 /var/www/tagahanga.ru/data/www/tagahanga.ru/vendor/laravel/framework/src/Illuminate/Foundation/Http/Middleware/CheckForMaintenanceMode.php(63): Illuminate\\Pipeline\\Pipeline->Illuminate\\Pipeline\\{closure}(Object(Illuminate\\Http\\Request))
#45 /var/www/tagahanga.ru/data/www/tagahanga.ru/vendor/laravel/framework/src/Illuminate/Pipeline/Pipeline.php(171): Illuminate\\Foundation\\Http\\Middleware\\CheckForMaintenanceMode->handle(Object(Illuminate\\Http\\Request), Object(Closure))
#46 /var/www/tagahanga.ru/data/www/tagahanga.ru/vendor/laravel/framework/src/Illuminate/Pipeline/Pipeline.php(105): Illuminate\\Pipeline\\Pipeline->Illuminate\\Pipeline\\{closure}(Object(Illuminate\\Http\\Request))
#47 /var/www/tagahanga.ru/data/www/tagahanga.ru/vendor/laravel/framework/src/Illuminate/Foundation/Http/Kernel.php(147): Illuminate\\Pipeline\\Pipeline->then(Object(Closure))
#48 /var/www/tagahanga.ru/data/www/tagahanga.ru/vendor/laravel/framework/src/Illuminate/Foundation/Http/Kernel.php(112): Illuminate\\Foundation\\Http\\Kernel->sendRequestThroughRouter(Object(Illuminate\\Http\\Request))
#49 /var/www/tagahanga.ru/data/www/tagahanga.ru/index.php(53): Illuminate\\Foundation\\Http\\Kernel->handle(Object(Illuminate\\Http\\Request))
#50 {main}

[previous exception] [object] (Symfony\\Component\\Routing\\Exception\\RouteNotFoundException(code: 0): Route [payeer] not defined. at /var/www/tagahanga.ru/data/www/tagahanga.ru/vendor/laravel/framework/src/Illuminate/Routing/UrlGenerator.php:420)
[stacktrace]
#0 /var/www/tagahanga.ru/data/www/tagahanga.ru/vendor/laravel/framework/src/Illuminate/Foundation/helpers.php(777): Illuminate\\Routing\\UrlGenerator->route('payeer', Array, true)
#1 /var/www/tagahanga.ru/data/www/tagahanga.ru/storage/framework/views/d7d72b02c398813e3079ec7e8c17e2da89dc915e.php(137): route('payeer', Array)
#2 /var/www/tagahanga.ru/data/www/tagahanga.ru/vendor/laravel/framework/src/Illuminate/View/Engines/PhpEngine.php(43): include('/var/www/tagaha...')
#3 /var/www/tagahanga.ru/data/www/tagahanga.ru/vendor/livewire/livewire/src/LivewireViewCompilerEngine.php(36): Illuminate\\View\\Engines\\PhpEngine->evaluatePath('/var/www/tagaha...', Array)
#4 /var/www/tagahanga.ru/data/www/tagahanga.ru/vendor/laravel/framework/src/Illuminate/View/Engines/CompilerEngine.php(59): Livewire\\LivewireViewCompilerEngine->evaluatePath('/var/www/tagaha...', Array)
#5 /var/www/tagahanga.ru/data/www/tagahanga.ru/vendor/laravel/framework/src/Illuminate/View/View.php(143): Illuminate\\View\\Engines\\CompilerEngine->get('/var/www/tagaha...', Array)
#6 /var/www/tagahanga.ru/data/www/tagahanga.ru/vendor/laravel/framework/src/Illuminate/View/View.php(126): Illuminate\\View\\View->getContents()
#7 /var/www/tagahanga.ru/data/www/tagahanga.ru/vendor/laravel/framework/src/Illuminate/View/View.php(91): Illuminate\\View\\View->renderContents()
#8 /var/www/tagahanga.ru/data/www/tagahanga.ru/vendor/laravel/framework/src/Illuminate/Http/Response.php(42): Illuminate\\View\\View->render()
#9 /var/www/tagahanga.ru/data/www/tagahanga.ru/vendor/symfony/http-foundation/Response.php(205): Illuminate\\Http\\Response->setContent(Object(Illuminate\\View\\View))
#10 /var/www/tagahanga.ru/data/www/tagahanga.ru/vendor/laravel/framework/src/Illuminate/Routing/Router.php(754): Symfony\\Component\\HttpFoundation\\Response->__construct(Object(Illuminate\\View\\View), 200, Array)
#11 /var/www/tagahanga.ru/data/www/tagahanga.ru/vendor/laravel/framework/src/Illuminate/Routing/Router.php(726): Illuminate\\Routing\\Router::toResponse(Object(Illuminate\\Http\\Request), Object(Illuminate\\View\\View))
#12 /var/www/tagahanga.ru/data/www/tagahanga.ru/vendor/laravel/framework/src/Illuminate/Routing/Router.php(686): Illuminate\\Routing\\Router->prepareResponse(Object(Illuminate\\Http\\Request), Object(Illuminate\\View\\View))
#13 /var/www/tagahanga.ru/data/www/tagahanga.ru/vendor/laravel/framework/src/Illuminate/Pipeline/Pipeline.php(130): Illuminate\\Routing\\Router->Illuminate\\Routing\\{closure}(Object(Illuminate\\Http\\Request))
#14 /var/www/tagahanga.ru/data/www/tagahanga.ru/app/Http/Middleware/UserLastAuthMiddleware.php(59): Illuminate\\Pipeline\\Pipeline->Illuminate\\Pipeline\\{closure}(Object(Illuminate\\Http\\Request))
#15 /var/www/tagahanga.ru/data/www/tagahanga.ru/vendor/laravel/framework/src/Illuminate/Pipeline/Pipeline.php(171): App\\Http\\Middleware\\UserLastAuthMiddleware->handle(Object(Illuminate\\Http\\Request), Object(Closure))
#16 /var/www/tagahanga.ru/data/www/tagahanga.ru/vendor/uxweb/sweet-alert/src/SweetAlert/ConvertMessagesIntoSweetAlert.php(49): Illuminate\\Pipeline\\Pipeline->Illuminate\\Pipeline\\{closure}(Object(Illuminate\\Http\\Request))
#17 /var/www/tagahanga.ru/data/www/tagahanga.ru/vendor/laravel/framework/src/Illuminate/Pipeline/Pipeline.php(171): UxWeb\\SweetAlert\\ConvertMessagesIntoSweetAlert->handle(Object(Illuminate\\Http\\Request), Object(Closure))
#18 /var/www/tagahanga.ru/data/www/tagahanga.ru/vendor/laravel/framework/src/Illuminate/Routing/Middleware/SubstituteBindings.php(41): Illuminate\\Pipeline\\Pipeline->Illuminate\\Pipeline\\{closure}(Object(Illuminate\\Http\\Request))
#19 /var/www/tagahanga.ru/data/www/tagahanga.ru/vendor/laravel/framework/src/Illuminate/Pipeline/Pipeline.php(171): Illuminate\\Routing\\Middleware\\SubstituteBindings->handle(Object(Illuminate\\Http\\Request), Object(Closure))
#20 /var/www/tagahanga.ru/data/www/tagahanga.ru/vendor/laravel/framework/src/Illuminate/Foundation/Http/Middleware/VerifyCsrfToken.php(77): Illuminate\\Pipeline\\Pipeline->Illuminate\\Pipeline\\{closure}(Object(Illuminate\\Http\\Request))
#21 /var/www/tagahanga.ru/data/www/tagahanga.ru/vendor/laravel/framework/src/Illuminate/Pipeline/Pipeline.php(171): Illuminate\\Foundation\\Http\\Middleware\\VerifyCsrfToken->handle(Object(Illuminate\\Http\\Request), Object(Closure))
#22 /var/www/tagahanga.ru/data/www/tagahanga.ru/vendor/laravel/framework/src/Illuminate/View/Middleware/ShareErrorsFromSession.php(49): Illuminate\\Pipeline\\Pipeline->Illuminate\\Pipeline\\{closure}(Object(Illuminate\\Http\\Request))
#23 /var/www/tagahanga.ru/data/www/tagahanga.ru/vendor/laravel/framework/src/Illuminate/Pipeline/Pipeline.php(171): Illuminate\\View\\Middleware\\ShareErrorsFromSession->handle(Object(Illuminate\\Http\\Request), Object(Closure))
#24 /var/www/tagahanga.ru/data/www/tagahanga.ru/vendor/laravel/framework/src/Illuminate/Session/Middleware/StartSession.php(56): Illuminate\\Pipeline\\Pipeline->Illuminate\\Pipeline\\{closure}(Object(Illuminate\\Http\\Request))
#25 /var/www/tagahanga.ru/data/www/tagahanga.ru/vendor/laravel/framework/src/Illuminate/Pipeline/Pipeline.php(171): Illuminate\\Session\\Middleware\\StartSession->handle(Object(Illuminate\\Http\\Request), Object(Closure))
#26 /var/www/tagahanga.ru/data/www/tagahanga.ru/vendor/laravel/framework/src/Illuminate/Cookie/Middleware/AddQueuedCookiesToResponse.php(37): Illuminate\\Pipeline\\Pipeline->Illuminate\\Pipeline\\{closure}(Object(Illuminate\\Http\\Request))
#27 /var/www/tagahanga.ru/data/www/tagahanga.ru/vendor/laravel/framework/src/Illuminate/Pipeline/Pipeline.php(171): Illuminate\\Cookie\\Middleware\\AddQueuedCookiesToResponse->handle(Object(Illuminate\\Http\\Request), Object(Closure))
#28 /var/www/tagahanga.ru/data/www/tagahanga.ru/vendor/laravel/framework/src/Illuminate/Cookie/Middleware/EncryptCookies.php(67): Illuminate\\Pipeline\\Pipeline->Illuminate\\Pipeline\\{closure}(Object(Illuminate\\Http\\Request))
#29 /var/www/tagahanga.ru/data/www/tagahanga.ru/vendor/laravel/framework/src/Illuminate/Pipeline/Pipeline.php(171): Illuminate\\Cookie\\Middleware\\EncryptCookies->handle(Object(Illuminate\\Http\\Request), Object(Closure))
#30 /var/www/tagahanga.ru/data/www/tagahanga.ru/vendor/laravel/framework/src/Illuminate/Pipeline/Pipeline.php(105): Illuminate\\Pipeline\\Pipeline->Illuminate\\Pipeline\\{closure}(Object(Illuminate\\Http\\Request))
#31 /var/www/tagahanga.ru/data/www/tagahanga.ru/vendor/laravel/framework/src/Illuminate/Routing/Router.php(688): Illuminate\\Pipeline\\Pipeline->then(Object(Closure))
#32 /var/www/tagahanga.ru/data/www/tagahanga.ru/vendor/laravel/framework/src/Illuminate/Routing/Router.php(663): Illuminate\\Routing\\Router->runRouteWithinStack(Object(Illuminate\\Routing\\Route), Object(Illuminate\\Http\\Request))
#33 /var/www/tagahanga.ru/data/www/tagahanga.ru/vendor/laravel/framework/src/Illuminate/Routing/Router.php(629): Illuminate\\Routing\\Router->runRoute(Object(Illuminate\\Http\\Request), Object(Illuminate\\Routing\\Route))
#34 /var/www/tagahanga.ru/data/www/tagahanga.ru/vendor/laravel/framework/src/Illuminate/Routing/Router.php(618): Illuminate\\Routing\\Router->dispatchToRoute(Object(Illuminate\\Http\\Request))
#35 /var/www/tagahanga.ru/data/www/tagahanga.ru/vendor/laravel/framework/src/Illuminate/Foundation/Http/Kernel.php(172): Illuminate\\Routing\\Router->dispatch(Object(Illuminate\\Http\\Request))
#36 /var/www/tagahanga.ru/data/www/tagahanga.ru/vendor/laravel/framework/src/Illuminate/Pipeline/Pipeline.php(130): Illuminate\\Foundation\\Http\\Kernel->Illuminate\\Foundation\\Http\\{closure}(Object(Illuminate\\Http\\Request))
#37 /var/www/tagahanga.ru/data/www/tagahanga.ru/vendor/fideloper/proxy/src/TrustProxies.php(57): Illuminate\\Pipeline\\Pipeline->Illuminate\\Pipeline\\{closure}(Object(Illuminate\\Http\\Request))
#38 /var/www/tagahanga.ru/data/www/tagahanga.ru/vendor/laravel/framework/src/Illuminate/Pipeline/Pipeline.php(171): Fideloper\\Proxy\\TrustProxies->handle(Object(Illuminate\\Http\\Request), Object(Closure))
#39 /var/www/tagahanga.ru/data/www/tagahanga.ru/vendor/laravel/framework/src/Illuminate/Foundation/Http/Middleware/TransformsRequest.php(21): Illuminate\\Pipeline\\Pipeline->Illuminate\\Pipeline\\{closure}(Object(Illuminate\\Http\\Request))
#40 /var/www/tagahanga.ru/data/www/tagahanga.ru/vendor/laravel/framework/src/Illuminate/Pipeline/Pipeline.php(171): Illuminate\\Foundation\\Http\\Middleware\\TransformsRequest->handle(Object(Illuminate\\Http\\Request), Object(Closure))
#41 /var/www/tagahanga.ru/data/www/tagahanga.ru/vendor/laravel/framework/src/Illuminate/Foundation/Http/Middleware/TransformsRequest.php(21): Illuminate\\Pipeline\\Pipeline->Illuminate\\Pipeline\\{closure}(Object(Illuminate\\Http\\Request))
#42 /var/www/tagahanga.ru/data/www/tagahanga.ru/vendor/laravel/framework/src/Illuminate/Pipeline/Pipeline.php(171): Illuminate\\Foundation\\Http\\Middleware\\TransformsRequest->handle(Object(Illuminate\\Http\\Request), Object(Closure))
#43 /var/www/tagahanga.ru/data/www/tagahanga.ru/vendor/laravel/framework/src/Illuminate/Foundation/Http/Middleware/ValidatePostSize.php(27): Illuminate\\Pipeline\\Pipeline->Illuminate\\Pipeline\\{closure}(Object(Illuminate\\Http\\Request))
#44 /var/www/tagahanga.ru/data/www/tagahanga.ru/vendor/laravel/framework/src/Illuminate/Pipeline/Pipeline.php(171): Illuminate\\Foundation\\Http\\Middleware\\ValidatePostSize->handle(Object(Illuminate\\Http\\Request), Object(Closure))
#45 /var/www/tagahanga.ru/data/www/tagahanga.ru/vendor/laravel/framework/src/Illuminate/Foundation/Http/Middleware/CheckForMaintenanceMode.php(63): Illuminate\\Pipeline\\Pipeline->Illuminate\\Pipeline\\{closure}(Object(Illuminate\\Http\\Request))
#46 /var/www/tagahanga.ru/data/www/tagahanga.ru/vendor/laravel/framework/src/Illuminate/Pipeline/Pipeline.php(171): Illuminate\\Foundation\\Http\\Middleware\\CheckForMaintenanceMode->handle(Object(Illuminate\\Http\\Request), Object(Closure))
#47 /var/www/tagahanga.ru/data/www/tagahanga.ru/vendor/laravel/framework/src/Illuminate/Pipeline/Pipeline.php(105): Illuminate\\Pipeline\\Pipeline->Illuminate\\Pipeline\\{closure}(Object(Illuminate\\Http\\Request))
#48 /var/www/tagahanga.ru/data/www/tagahanga.ru/vendor/laravel/framework/src/Illuminate/Foundation/Http/Kernel.php(147): Illuminate\\Pipeline\\Pipeline->then(Object(Closure))
#49 /var/www/tagahanga.ru/data/www/tagahanga.ru/vendor/laravel/framework/src/Illuminate/Foundation/Http/Kernel.php(112): Illuminate\\Foundation\\Http\\Kernel->sendRequestThroughRouter(Object(Illuminate\\Http\\Request))
#50 /var/www/tagahanga.ru/data/www/tagahanga.ru/index.php(53): Illuminate\\Foundation\\Http\\Kernel->handle(Object(Illuminate\\Http\\Request))
#51 {main}
"} 
[2021-05-08 15:56:10] production.ERROR: Method App\Http\Controllers\SubscriptionController::payPayeer does not exist. {"userId":22,"exception":"[object] (BadMethodCallException(code: 0): Method App\\Http\\Controllers\\SubscriptionController::payPayeer does not exist. at /var/www/tagahanga.ru/data/www/tagahanga.ru/vendor/laravel/framework/src/Illuminate/Routing/Controller.php:68)
[stacktrace]
#0 /var/www/tagahanga.ru/data/www/tagahanga.ru/vendor/laravel/framework/src/Illuminate/Routing/Controller.php(54): Illuminate\\Routing\\Controller->__call('payPayeer', Array)
#1 /var/www/tagahanga.ru/data/www/tagahanga.ru/vendor/laravel/framework/src/Illuminate/Routing/ControllerDispatcher.php(45): Illuminate\\Routing\\Controller->callAction('payPayeer', Array)
#2 /var/www/tagahanga.ru/data/www/tagahanga.ru/vendor/laravel/framework/src/Illuminate/Routing/Route.php(219): Illuminate\\Routing\\ControllerDispatcher->dispatch(Object(Illuminate\\Routing\\Route), Object(App\\Http\\Controllers\\SubscriptionController), 'payPayeer')
#3 /var/www/tagahanga.ru/data/www/tagahanga.ru/vendor/laravel/framework/src/Illuminate/Routing/Route.php(176): Illuminate\\Routing\\Route->runController()
#4 /var/www/tagahanga.ru/data/www/tagahanga.ru/vendor/laravel/framework/src/Illuminate/Routing/Router.php(686): Illuminate\\Routing\\Route->run()
#5 /var/www/tagahanga.ru/data/www/tagahanga.ru/vendor/laravel/framework/src/Illuminate/Pipeline/Pipeline.php(130): Illuminate\\Routing\\Router->Illuminate\\Routing\\{closure}(Object(Illuminate\\Http\\Request))
#6 /var/www/tagahanga.ru/data/www/tagahanga.ru/app/Http/Middleware/UserLastAuthMiddleware.php(59): Illuminate\\Pipeline\\Pipeline->Illuminate\\Pipeline\\{closure}(Object(Illuminate\\Http\\Request))
#7 /var/www/tagahanga.ru/data/www/tagahanga.ru/vendor/laravel/framework/src/Illuminate/Pipeline/Pipeline.php(171): App\\Http\\Middleware\\UserLastAuthMiddleware->handle(Object(Illuminate\\Http\\Request), Object(Closure))
#8 /var/www/tagahanga.ru/data/www/tagahanga.ru/vendor/uxweb/sweet-alert/src/SweetAlert/ConvertMessagesIntoSweetAlert.php(49): Illuminate\\Pipeline\\Pipeline->Illuminate\\Pipeline\\{closure}(Object(Illuminate\\Http\\Request))
#9 /var/www/tagahanga.ru/data/www/tagahanga.ru/vendor/laravel/framework/src/Illuminate/Pipeline/Pipeline.php(171): UxWeb\\SweetAlert\\ConvertMessagesIntoSweetAlert->handle(Object(Illuminate\\Http\\Request), Object(Closure))
#10 /var/www/tagahanga.ru/data/www/tagahanga.ru/vendor/laravel/framework/src/Illuminate/Routing/Middleware/SubstituteBindings.php(41): Illuminate\\Pipeline\\Pipeline->Illuminate\\Pipeline\\{closure}(Object(Illuminate\\Http\\Request))
#11 /var/www/tagahanga.ru/data/www/tagahanga.ru/vendor/laravel/framework/src/Illuminate/Pipeline/Pipeline.php(171): Illuminate\\Routing\\Middleware\\SubstituteBindings->handle(Object(Illuminate\\Http\\Request), Object(Closure))
#12 /var/www/tagahanga.ru/data/www/tagahanga.ru/vendor/laravel/framework/src/Illuminate/Auth/Middleware/Authenticate.php(43): Illuminate\\Pipeline\\Pipeline->Illuminate\\Pipeline\\{closure}(Object(Illuminate\\Http\\Request))
#13 /var/www/tagahanga.ru/data/www/tagahanga.ru/vendor/laravel/framework/src/Illuminate/Pipeline/Pipeline.php(171): Illuminate\\Auth\\Middleware\\Authenticate->handle(Object(Illuminate\\Http\\Request), Object(Closure))
#14 /var/www/tagahanga.ru/data/www/tagahanga.ru/vendor/laravel/framework/src/Illuminate/Foundation/Http/Middleware/VerifyCsrfToken.php(77): Illuminate\\Pipeline\\Pipeline->Illuminate\\Pipeline\\{closure}(Object(Illuminate\\Http\\Request))
#15 /var/www/tagahanga.ru/data/www/tagahanga.ru/vendor/laravel/framework/src/Illuminate/Pipeline/Pipeline.php(171): Illuminate\\Foundation\\Http\\Middleware\\VerifyCsrfToken->handle(Object(Illuminate\\Http\\Request), Object(Closure))
#16 /var/www/tagahanga.ru/data/www/tagahanga.ru/vendor/laravel/framework/src/Illuminate/View/Middleware/ShareErrorsFromSession.php(49): Illuminate\\Pipeline\\Pipeline->Illuminate\\Pipeline\\{closure}(Object(Illuminate\\Http\\Request))
#17 /var/www/tagahanga.ru/data/www/tagahanga.ru/vendor/laravel/framework/src/Illuminate/Pipeline/Pipeline.php(171): Illuminate\\View\\Middleware\\ShareErrorsFromSession->handle(Object(Illuminate\\Http\\Request), Object(Closure))
#18 /var/www/tagahanga.ru/data/www/tagahanga.ru/vendor/laravel/framework/src/Illuminate/Session/Middleware/StartSession.php(56): Illuminate\\Pipeline\\Pipeline->Illuminate\\Pipeline\\{closure}(Object(Illuminate\\Http\\Request))
#19 /var/www/tagahanga.ru/data/www/tagahanga.ru/vendor/laravel/framework/src/Illuminate/Pipeline/Pipeline.php(171): Illuminate\\Session\\Middleware\\StartSession->handle(Object(Illuminate\\Http\\Request), Object(Closure))
#20 /var/www/tagahanga.ru/data/www/tagahanga.ru/vendor/laravel/framework/src/Illuminate/Cookie/Middleware/AddQueuedCookiesToResponse.php(37): Illuminate\\Pipeline\\Pipeline->Illuminate\\Pipeline\\{closure}(Object(Illuminate\\Http\\Request))
#21 /var/www/tagahanga.ru/data/www/tagahanga.ru/vendor/laravel/framework/src/Illuminate/Pipeline/Pipeline.php(171): Illuminate\\Cookie\\Middleware\\AddQueuedCookiesToResponse->handle(Object(Illuminate\\Http\\Request), Object(Closure))
#22 /var/www/tagahanga.ru/data/www/tagahanga.ru/vendor/laravel/framework/src/Illuminate/Cookie/Middleware/EncryptCookies.php(67): Illuminate\\Pipeline\\Pipeline->Illuminate\\Pipeline\\{closure}(Object(Illuminate\\Http\\Request))
#23 /var/www/tagahanga.ru/data/www/tagahanga.ru/vendor/laravel/framework/src/Illuminate/Pipeline/Pipeline.php(171): Illuminate\\Cookie\\Middleware\\EncryptCookies->handle(Object(Illuminate\\Http\\Request), Object(Closure))
#24 /var/www/tagahanga.ru/data/www/tagahanga.ru/vendor/laravel/framework/src/Illuminate/Pipeline/Pipeline.php(105): Illuminate\\Pipeline\\Pipeline->Illuminate\\Pipeline\\{closure}(Object(Illuminate\\Http\\Request))
#25 /var/www/tagahanga.ru/data/www/tagahanga.ru/vendor/laravel/framework/src/Illuminate/Routing/Router.php(688): Illuminate\\Pipeline\\Pipeline->then(Object(Closure))
#26 /var/www/tagahanga.ru/data/www/tagahanga.ru/vendor/laravel/framework/src/Illuminate/Routing/Router.php(663): Illuminate\\Routing\\Router->runRouteWithinStack(Object(Illuminate\\Routing\\Route), Object(Illuminate\\Http\\Request))
#27 /var/www/tagahanga.ru/data/www/tagahanga.ru/vendor/laravel/framework/src/Illuminate/Routing/Router.php(629): Illuminate\\Routing\\Router->runRoute(Object(Illuminate\\Http\\Request), Object(Illuminate\\Routing\\Route))
#28 /var/www/tagahanga.ru/data/www/tagahanga.ru/vendor/laravel/framework/src/Illuminate/Routing/Router.php(618): Illuminate\\Routing\\Router->dispatchToRoute(Object(Illuminate\\Http\\Request))
#29 /var/www/tagahanga.ru/data/www/tagahanga.ru/vendor/laravel/framework/src/Illuminate/Foundation/Http/Kernel.php(172): Illuminate\\Routing\\Router->dispatch(Object(Illuminate\\Http\\Request))
#30 /var/www/tagahanga.ru/data/www/tagahanga.ru/vendor/laravel/framework/src/Illuminate/Pipeline/Pipeline.php(130): Illuminate\\Foundation\\Http\\Kernel->Illuminate\\Foundation\\Http\\{closure}(Object(Illuminate\\Http\\Request))
#31 /var/www/tagahanga.ru/data/www/tagahanga.ru/vendor/fideloper/proxy/src/TrustProxies.php(57): Illuminate\\Pipeline\\Pipeline->Illuminate\\Pipeline\\{closure}(Object(Illuminate\\Http\\Request))
#32 /var/www/tagahanga.ru/data/www/tagahanga.ru/vendor/laravel/framework/src/Illuminate/Pipeline/Pipeline.php(171): Fideloper\\Proxy\\TrustProxies->handle(Object(Illuminate\\Http\\Request), Object(Closure))
#33 /var/www/tagahanga.ru/data/www/tagahanga.ru/vendor/laravel/framework/src/Illuminate/Foundation/Http/Middleware/TransformsRequest.php(21): Illuminate\\Pipeline\\Pipeline->Illuminate\\Pipeline\\{closure}(Object(Illuminate\\Http\\Request))
#34 /var/www/tagahanga.ru/data/www/tagahanga.ru/vendor/laravel/framework/src/Illuminate/Pipeline/Pipeline.php(171): Illuminate\\Foundation\\Http\\Middleware\\TransformsRequest->handle(Object(Illuminate\\Http\\Request), Object(Closure))
#35 /var/www/tagahanga.ru/data/www/tagahanga.ru/vendor/laravel/framework/src/Illuminate/Foundation/Http/Middleware/TransformsRequest.php(21): Illuminate\\Pipeline\\Pipeline->Illuminate\\Pipeline\\{closure}(Object(Illuminate\\Http\\Request))
#36 /var/www/tagahanga.ru/data/www/tagahanga.ru/vendor/laravel/framework/src/Illuminate/Pipeline/Pipeline.php(171): Illuminate\\Foundation\\Http\\Middleware\\TransformsRequest->handle(Object(Illuminate\\Http\\Request), Object(Closure))
#37 /var/www/tagahanga.ru/data/www/tagahanga.ru/vendor/laravel/framework/src/Illuminate/Foundation/Http/Middleware/ValidatePostSize.php(27): Illuminate\\Pipeline\\Pipeline->Illuminate\\Pipeline\\{closure}(Object(Illuminate\\Http\\Request))
#38 /var/www/tagahanga.ru/data/www/tagahanga.ru/vendor/laravel/framework/src/Illuminate/Pipeline/Pipeline.php(171): Illuminate\\Foundation\\Http\\Middleware\\ValidatePostSize->handle(Object(Illuminate\\Http\\Request), Object(Closure))
#39 /var/www/tagahanga.ru/data/www/tagahanga.ru/vendor/laravel/framework/src/Illuminate/Foundation/Http/Middleware/CheckForMaintenanceMode.php(63): Illuminate\\Pipeline\\Pipeline->Illuminate\\Pipeline\\{closure}(Object(Illuminate\\Http\\Request))
#40 /var/www/tagahanga.ru/data/www/tagahanga.ru/vendor/laravel/framework/src/Illuminate/Pipeline/Pipeline.php(171): Illuminate\\Foundation\\Http\\Middleware\\CheckForMaintenanceMode->handle(Object(Illuminate\\Http\\Request), Object(Closure))
#41 /var/www/tagahanga.ru/data/www/tagahanga.ru/vendor/laravel/framework/src/Illuminate/Pipeline/Pipeline.php(105): Illuminate\\Pipeline\\Pipeline->Illuminate\\Pipeline\\{closure}(Object(Illuminate\\Http\\Request))
#42 /var/www/tagahanga.ru/data/www/tagahanga.ru/vendor/laravel/framework/src/Illuminate/Foundation/Http/Kernel.php(147): Illuminate\\Pipeline\\Pipeline->then(Object(Closure))
#43 /var/www/tagahanga.ru/data/www/tagahanga.ru/vendor/laravel/framework/src/Illuminate/Foundation/Http/Kernel.php(112): Illuminate\\Foundation\\Http\\Kernel->sendRequestThroughRouter(Object(Illuminate\\Http\\Request))
#44 /var/www/tagahanga.ru/data/www/tagahanga.ru/index.php(53): Illuminate\\Foundation\\Http\\Kernel->handle(Object(Illuminate\\Http\\Request))
#45 {main}
"} 
