Array
(
)

Array
(
    [notification_type] => card-incoming
    [zip] => 
    [bill_id] => 
    [amount] => 1.96
    [firstname] => 
    [codepro] => false
    [withdraw_amount] => 2.00
    [city] => 
    [unaccepted] => false
    [label] => 60bbb3ebccf99
    [building] => 
    [lastname] => 
    [datetime] => 2021-06-05T17:28:04Z
    [suite] => 
    [sender] => 
    [phone] => 
    [sha1_hash] => 8e4649496dace516ceb7992091090c11283cb37a
    [street] => 
    [flat] => 
    [fathersname] => 
    [operation_label] => 284dc7d0-0011-5000-9000-149ee64e2989
    [operation_id] => 676229284707008108
    [currency] => 643
    [email] => 
)

Array
(
    [notification_type] => card-incoming
    [zip] => 
    [bill_id] => 
    [amount] => 1.96
    [firstname] => 
    [codepro] => false
    [withdraw_amount] => 2.00
    [city] => 
    [unaccepted] => false
    [label] => 60bbb3ebccf99
    [building] => 
    [lastname] => 
    [datetime] => 2021-06-05T17:28:04Z
    [suite] => 
    [sender] => 
    [phone] => 
    [sha1_hash] => 8e4649496dace516ceb7992091090c11283cb37a
    [street] => 
    [flat] => 
    [fathersname] => 
    [operation_label] => 284dc7d0-0011-5000-9000-149ee64e2989
    [operation_id] => 676229284707008108
    [currency] => 643
    [email] => 
)

Array
(
    [notification_type] => p2p-incoming
    [bill_id] => 
    [amount] => 691.31
    [datetime] => 2021-06-05T16:28:22Z
    [codepro] => false
    [sender] => 41001000040
    [sha1_hash] => 9d915f97663ef37743da684612d598f718bbabf5
    [test_notification] => true
    [operation_label] => 
    [operation_id] => test-notification
    [currency] => 643
    [label] => 
)

